Overriding config with config/train_owt_res_big.py:
# train a miniature character-level shakespeare model
# good for debugging and playing on macbooks and such

out_dir = 'out-owt-res-big'
eval_interval = 250 # keep frequent because we'll overfit
eval_iters = 50
log_interval = 10 # don't print too too often

# we expect to overfit on this small dataset, so only save when val improves
always_save_checkpoint = True

wandb_log = False # override via command line if you like
wandb_project = 'owt'
wandb_run_name = 'mini-gpt'

#init_from = 'scratch'
init_from = 'resume'

dataset = 'openwebtext'
gradient_accumulation_steps = 20
batch_size = 16
block_size = 512 # context of up to 256 previous characters

# baby GPT model :)
n_layer = 1
n_head = 6
n_embd = 768
dropout = 0.2

learning_rate = 1e-4 # with baby networks can afford to go a bit higher
max_iters = 24000
lr_decay_iters = 24000 # make equal to max_iters usually
min_lr = 3e-5 # learning_rate / 10 usually
beta2 = 0.99 # make a bit bigger because number of tokens per iter is small

warmup_iters = 100 # not super necessary potentially

compile = False
# on macbook also add
device = 'cuda:2'  # run on cpu only
# compile = False # do not torch compile the model

tokens per iteration will be: 163,840
Resuming training from out-owt-res-big
number of parameters: 66.95M
num decayed parameter tensors: 6, with 55,541,760 parameters
num non-decayed parameter tensors: 4, with 3,072 parameters
using fused AdamW: True
step 12000: train loss 4.4240, val loss 4.4004
saving checkpoint to out-owt-res-big
iter 12000: loss 4.4298, time 9996.22ms, mfu -100.00%
iter 12010: loss 4.5175, time 2526.18ms, mfu 8.45%
iter 12020: loss 4.3744, time 2968.78ms, mfu 8.32%
iter 12030: loss 4.6497, time 2466.36ms, mfu 8.36%
iter 12040: loss 4.3588, time 2460.77ms, mfu 8.39%
iter 12050: loss 4.3141, time 2463.05ms, mfu 8.41%
iter 12060: loss 4.3831, time 2466.81ms, mfu 8.44%
iter 12070: loss 4.5163, time 2469.75ms, mfu 8.46%
iter 12080: loss 4.2575, time 2466.65ms, mfu 8.48%
iter 12090: loss 4.0692, time 2462.57ms, mfu 8.50%
iter 12100: loss 4.4966, time 2463.60ms, mfu 8.51%
iter 12110: loss 4.3270, time 2462.62ms, mfu 8.53%
iter 12120: loss 4.2154, time 2459.24ms, mfu 8.54%
iter 12130: loss 4.4969, time 2461.73ms, mfu 8.56%
iter 12140: loss 4.5202, time 2466.29ms, mfu 8.57%
iter 12150: loss 4.4899, time 2460.14ms, mfu 8.58%
iter 12160: loss 4.3123, time 2461.94ms, mfu 8.59%
iter 12170: loss 4.5272, time 2467.16ms, mfu 8.59%
iter 12180: loss 4.3986, time 2463.61ms, mfu 8.60%
iter 12190: loss 4.4479, time 2466.39ms, mfu 8.60%
iter 12200: loss 4.3803, time 2463.22ms, mfu 8.61%
iter 12210: loss 4.3296, time 2470.38ms, mfu 8.61%
iter 12220: loss 4.4278, time 2465.69ms, mfu 8.62%
iter 12230: loss 4.4016, time 2469.54ms, mfu 8.62%
iter 12240: loss 4.3576, time 2464.69ms, mfu 8.62%
step 12250: train loss 4.3669, val loss 4.4019
saving checkpoint to out-owt-res-big
iter 12250: loss 4.3530, time 9818.34ms, mfu 7.98%
iter 12260: loss 4.5549, time 2472.18ms, mfu 8.04%
iter 12270: loss 4.4149, time 2460.37ms, mfu 8.11%
iter 12280: loss 4.4835, time 2461.76ms, mfu 8.16%
iter 12290: loss 4.3799, time 2462.41ms, mfu 8.21%
iter 12300: loss 4.4459, time 2464.48ms, mfu 8.26%
iter 12310: loss 4.3911, time 2461.26ms, mfu 8.30%
iter 12320: loss 4.4316, time 2456.99ms, mfu 8.34%
iter 12330: loss 4.3085, time 2458.01ms, mfu 8.37%
iter 12340: loss 4.5460, time 2457.73ms, mfu 8.40%
iter 12350: loss 4.2355, time 2458.98ms, mfu 8.43%
iter 12360: loss 4.5014, time 2463.67ms, mfu 8.45%
iter 12370: loss 4.4200, time 2498.93ms, mfu 8.46%
iter 12380: loss 4.3304, time 2462.53ms, mfu 8.48%
iter 12390: loss 4.2586, time 2462.24ms, mfu 8.50%
iter 12400: loss 4.3046, time 2466.85ms, mfu 8.52%
iter 12410: loss 4.5659, time 2468.37ms, mfu 8.53%
iter 12420: loss 4.4069, time 2467.16ms, mfu 8.54%
iter 12430: loss 4.1962, time 2462.19ms, mfu 8.55%
iter 12440: loss 4.4268, time 2460.69ms, mfu 8.57%
iter 12450: loss 4.4821, time 2461.56ms, mfu 8.58%
iter 12460: loss 4.5715, time 2469.95ms, mfu 8.58%
iter 12470: loss 4.3807, time 2459.31ms, mfu 8.59%
iter 12480: loss 4.2831, time 2466.85ms, mfu 8.60%
iter 12490: loss 4.4694, time 2459.20ms, mfu 8.61%
step 12500: train loss 4.3568, val loss 4.4050
saving checkpoint to out-owt-res-big
iter 12500: loss 4.3359, time 9814.54ms, mfu 7.96%
iter 12510: loss 4.5752, time 2470.41ms, mfu 8.03%
iter 12520: loss 4.2064, time 2467.70ms, mfu 8.09%
iter 12530: loss 4.1091, time 2462.29ms, mfu 8.15%
iter 12540: loss 4.3950, time 2466.91ms, mfu 8.20%
iter 12550: loss 4.3649, time 2460.55ms, mfu 8.25%
iter 12560: loss 4.4557, time 2462.90ms, mfu 8.29%
iter 12570: loss 4.4892, time 2462.86ms, mfu 8.33%
iter 12580: loss 4.3492, time 2464.85ms, mfu 8.36%
iter 12590: loss 4.3860, time 2464.35ms, mfu 8.39%
iter 12600: loss 4.2396, time 2471.84ms, mfu 8.41%
iter 12610: loss 4.3030, time 2468.89ms, mfu 8.44%
iter 12620: loss 4.5097, time 2465.46ms, mfu 8.46%
iter 12630: loss 4.2935, time 2463.42ms, mfu 8.48%
iter 12640: loss 4.2947, time 2462.53ms, mfu 8.50%
iter 12650: loss 4.4895, time 2460.29ms, mfu 8.52%
iter 12660: loss 4.4048, time 2473.78ms, mfu 8.53%
iter 12670: loss 4.5574, time 2467.38ms, mfu 8.54%
iter 12680: loss 4.1956, time 2471.34ms, mfu 8.55%
iter 12690: loss 4.2917, time 2463.33ms, mfu 8.56%
iter 12700: loss 4.5097, time 2465.90ms, mfu 8.57%
iter 12710: loss 4.4095, time 2464.35ms, mfu 8.58%
iter 12720: loss 4.3443, time 2465.21ms, mfu 8.59%
iter 12730: loss 4.4147, time 2463.78ms, mfu 8.59%
iter 12740: loss 4.3970, time 2468.77ms, mfu 8.60%
step 12750: train loss 4.3417, val loss 4.3891
saving checkpoint to out-owt-res-big
iter 12750: loss 4.1593, time 9792.03ms, mfu 7.96%
iter 12760: loss 4.5419, time 2462.61ms, mfu 8.03%
iter 12770: loss 4.6102, time 2476.99ms, mfu 8.09%
iter 12780: loss 4.4332, time 2468.00ms, mfu 8.14%
iter 12790: loss 4.3887, time 2465.04ms, mfu 8.19%
iter 12800: loss 4.4509, time 2473.82ms, mfu 8.24%
iter 12810: loss 4.3448, time 2469.35ms, mfu 8.28%
iter 12820: loss 4.3472, time 2469.96ms, mfu 8.31%
iter 12830: loss 4.6081, time 2475.22ms, mfu 8.35%
iter 12840: loss 4.5428, time 2465.01ms, mfu 8.38%
iter 12850: loss 4.2729, time 2467.68ms, mfu 8.40%
iter 12860: loss 4.3885, time 2465.88ms, mfu 8.43%
iter 12870: loss 4.2781, time 2468.29ms, mfu 8.45%
iter 12880: loss 4.4789, time 2469.69ms, mfu 8.47%
iter 12890: loss 4.3790, time 2463.64ms, mfu 8.49%
iter 12900: loss 4.2703, time 2477.01ms, mfu 8.50%
iter 12910: loss 4.3700, time 2462.32ms, mfu 8.52%
iter 12920: loss 4.4362, time 2466.45ms, mfu 8.53%
iter 12930: loss 4.3945, time 2471.37ms, mfu 8.54%
iter 12940: loss 4.4977, time 2468.24ms, mfu 8.55%
iter 12950: loss 4.3680, time 2477.81ms, mfu 8.56%
iter 12960: loss 4.3907, time 2468.06ms, mfu 8.57%
iter 12970: loss 4.5989, time 2467.74ms, mfu 8.58%
iter 12980: loss 4.4659, time 2468.45ms, mfu 8.58%
iter 12990: loss 4.7948, time 2471.38ms, mfu 8.59%
step 13000: train loss 4.3656, val loss 4.4081
saving checkpoint to out-owt-res-big
iter 13000: loss 4.3680, time 9937.53ms, mfu 7.94%
iter 13010: loss 4.6000, time 2469.27ms, mfu 8.01%
iter 13020: loss 4.3303, time 2465.96ms, mfu 8.08%
iter 13030: loss 4.6640, time 2469.12ms, mfu 8.13%
iter 13040: loss 4.3786, time 2469.25ms, mfu 8.19%
iter 13050: loss 4.3745, time 2465.81ms, mfu 8.23%
iter 13060: loss 4.4749, time 2476.82ms, mfu 8.27%
iter 13070: loss 4.4114, time 2469.80ms, mfu 8.31%
iter 13080: loss 4.5406, time 2460.50ms, mfu 8.34%
iter 13090: loss 4.3185, time 2472.42ms, mfu 8.37%
iter 13100: loss 4.5586, time 2463.86ms, mfu 8.40%
iter 13110: loss 4.5383, time 2466.67ms, mfu 8.43%
iter 13120: loss 4.3999, time 2461.65ms, mfu 8.45%
iter 13130: loss 4.5453, time 2467.19ms, mfu 8.47%
iter 13140: loss 4.2871, time 2461.52ms, mfu 8.49%
iter 13150: loss 4.2949, time 2460.93ms, mfu 8.51%
iter 13160: loss 4.4098, time 2466.72ms, mfu 8.52%
iter 13170: loss 4.4331, time 2462.21ms, mfu 8.54%
iter 13180: loss 4.4626, time 2472.12ms, mfu 8.55%
iter 13190: loss 4.2735, time 2458.56ms, mfu 8.56%
iter 13200: loss 4.3637, time 2463.99ms, mfu 8.57%
iter 13210: loss 4.3193, time 2468.29ms, mfu 8.58%
iter 13220: loss 4.5834, time 2469.74ms, mfu 8.58%
iter 13230: loss 4.4841, time 2462.25ms, mfu 8.59%
iter 13240: loss 4.4868, time 2467.58ms, mfu 8.60%
step 13250: train loss 4.3600, val loss 4.3988
saving checkpoint to out-owt-res-big
iter 13250: loss 4.5461, time 9902.82ms, mfu 7.95%
iter 13260: loss 4.2963, time 2476.59ms, mfu 8.02%
iter 13270: loss 4.4320, time 2469.96ms, mfu 8.08%
iter 13280: loss 4.6327, time 2467.27ms, mfu 8.14%
iter 13290: loss 4.5561, time 2473.03ms, mfu 8.19%
iter 13300: loss 4.4726, time 2477.02ms, mfu 8.23%
iter 13310: loss 4.4519, time 2471.69ms, mfu 8.27%
iter 13320: loss 4.6627, time 2470.56ms, mfu 8.31%
iter 13330: loss 4.3581, time 2488.69ms, mfu 8.33%
iter 13340: loss 4.3195, time 2475.71ms, mfu 8.36%
iter 13350: loss 4.2720, time 2487.28ms, mfu 8.39%
iter 13360: loss 4.2520, time 2481.05ms, mfu 8.41%
iter 13370: loss 4.3776, time 2480.90ms, mfu 8.43%
iter 13380: loss 4.5001, time 2500.61ms, mfu 8.44%
iter 13390: loss 4.3375, time 2488.51ms, mfu 8.45%
iter 13400: loss 4.3532, time 2483.28ms, mfu 8.47%
iter 13410: loss 4.0617, time 2471.09ms, mfu 8.48%
iter 13420: loss 4.2737, time 2474.70ms, mfu 8.50%
iter 13430: loss 4.5862, time 2487.32ms, mfu 8.50%
iter 13440: loss 4.5742, time 2473.54ms, mfu 8.52%
iter 13450: loss 4.5352, time 2478.42ms, mfu 8.53%
iter 13460: loss 4.3505, time 2474.28ms, mfu 8.54%
iter 13470: loss 4.2848, time 2481.48ms, mfu 8.54%
iter 13480: loss 4.4842, time 2484.56ms, mfu 8.55%
iter 13490: loss 4.4784, time 2503.50ms, mfu 8.55%
step 13500: train loss 4.3558, val loss 4.3953
saving checkpoint to out-owt-res-big
iter 13500: loss 4.5439, time 9909.65ms, mfu 7.91%
iter 13510: loss 4.1957, time 2492.57ms, mfu 7.97%
iter 13520: loss 4.3978, time 2503.09ms, mfu 8.03%
iter 13530: loss 4.5272, time 2486.29ms, mfu 8.08%
iter 13540: loss 4.3586, time 2480.19ms, mfu 8.13%
iter 13550: loss 4.2012, time 2487.29ms, mfu 8.18%
iter 13560: loss 4.5397, time 2487.91ms, mfu 8.22%
iter 13570: loss 4.5579, time 2478.65ms, mfu 8.26%
iter 13580: loss 4.4800, time 2470.56ms, mfu 8.30%
iter 13590: loss 4.4671, time 2483.74ms, mfu 8.33%
iter 13600: loss 4.5986, time 2464.93ms, mfu 8.36%
iter 13610: loss 4.2020, time 2484.68ms, mfu 8.38%
iter 13620: loss 4.4039, time 2480.71ms, mfu 8.40%
iter 13630: loss 4.3519, time 2480.79ms, mfu 8.42%
iter 13640: loss 4.4026, time 2477.86ms, mfu 8.44%
iter 13650: loss 4.5380, time 2474.66ms, mfu 8.46%
iter 13660: loss 4.1603, time 2484.45ms, mfu 8.47%
iter 13670: loss 4.5022, time 2482.72ms, mfu 8.49%
iter 13680: loss 4.2965, time 2484.63ms, mfu 8.50%
iter 13690: loss 4.5212, time 2487.60ms, mfu 8.50%
iter 13700: loss 4.3263, time 2477.76ms, mfu 8.52%
iter 13710: loss 4.5222, time 2477.14ms, mfu 8.53%
iter 13720: loss 4.4475, time 2491.94ms, mfu 8.53%
iter 13730: loss 4.3431, time 2497.01ms, mfu 8.53%
iter 13740: loss 4.2484, time 2479.75ms, mfu 8.54%
step 13750: train loss 4.3202, val loss 4.3884
saving checkpoint to out-owt-res-big
iter 13750: loss 4.4894, time 10164.39ms, mfu 7.89%
iter 13760: loss 4.4652, time 2476.51ms, mfu 7.97%
iter 13770: loss 4.3450, time 2482.95ms, mfu 8.03%
iter 13780: loss 4.5251, time 2481.83ms, mfu 8.09%
iter 13790: loss 4.4520, time 2482.28ms, mfu 8.14%
iter 13800: loss 4.0819, time 2479.00ms, mfu 8.19%
iter 13810: loss 4.1745, time 2475.59ms, mfu 8.23%
iter 13820: loss 4.4847, time 2473.44ms, mfu 8.27%
iter 13830: loss 4.3751, time 2466.27ms, mfu 8.31%
iter 13840: loss 4.5089, time 2480.94ms, mfu 8.34%
iter 13850: loss 4.5091, time 2475.53ms, mfu 8.37%
iter 13860: loss 4.5281, time 2475.51ms, mfu 8.39%
iter 13870: loss 4.7396, time 2480.83ms, mfu 8.41%
iter 13880: loss 4.4092, time 2468.70ms, mfu 8.44%
iter 13890: loss 4.5292, time 2468.33ms, mfu 8.46%
iter 13900: loss 4.4406, time 2469.19ms, mfu 8.47%
iter 13910: loss 4.4511, time 2469.49ms, mfu 8.49%
iter 13920: loss 4.4659, time 2485.55ms, mfu 8.50%
iter 13930: loss 4.2926, time 2471.44ms, mfu 8.51%
iter 13940: loss 4.5103, time 2479.57ms, mfu 8.52%
iter 13950: loss 4.4736, time 2484.42ms, mfu 8.53%
iter 13960: loss 4.5744, time 2474.54ms, mfu 8.54%
iter 13970: loss 4.3785, time 2480.46ms, mfu 8.55%
iter 13980: loss 4.5225, time 2475.47ms, mfu 8.55%
iter 13990: loss 4.5373, time 2474.27ms, mfu 8.56%
step 14000: train loss 4.3818, val loss 4.4255
saving checkpoint to out-owt-res-big
iter 14000: loss 4.3896, time 10048.49ms, mfu 7.92%
iter 14010: loss 4.6932, time 2493.21ms, mfu 7.98%
iter 14020: loss 4.2066, time 2497.35ms, mfu 8.04%
iter 14030: loss 4.6465, time 2496.98ms, mfu 8.09%
iter 14040: loss 4.4042, time 2505.06ms, mfu 8.13%
iter 14050: loss 4.3400, time 2493.93ms, mfu 8.17%
iter 14060: loss 4.2568, time 2491.58ms, mfu 8.21%
iter 14070: loss 4.3841, time 2496.55ms, mfu 8.25%
iter 14080: loss 4.4562, time 2498.98ms, mfu 8.28%
iter 14090: loss 4.6471, time 2495.56ms, mfu 8.30%
iter 14100: loss 4.2963, time 2498.59ms, mfu 8.33%
iter 14110: loss 4.4195, time 2501.51ms, mfu 8.35%
iter 14120: loss 4.1867, time 2497.58ms, mfu 8.37%
iter 14130: loss 4.5779, time 2509.82ms, mfu 8.38%
iter 14140: loss 4.4356, time 2503.63ms, mfu 8.40%
iter 14150: loss 4.4374, time 2510.85ms, mfu 8.41%
iter 14160: loss 4.4344, time 2511.03ms, mfu 8.42%
iter 14170: loss 4.5711, time 2513.95ms, mfu 8.42%
iter 14180: loss 4.3680, time 2513.29ms, mfu 8.43%
iter 14190: loss 4.5590, time 2502.10ms, mfu 8.44%
iter 14200: loss 4.4298, time 2503.18ms, mfu 8.45%
iter 14210: loss 4.3178, time 2517.36ms, mfu 8.45%
iter 14220: loss 4.5991, time 2507.23ms, mfu 8.46%
iter 14230: loss 4.2318, time 2502.17ms, mfu 8.46%
iter 14240: loss 4.4002, time 2509.48ms, mfu 8.47%
step 14250: train loss 4.3756, val loss 4.3672
saving checkpoint to out-owt-res-big
iter 14250: loss 4.3382, time 10016.34ms, mfu 7.83%
iter 14260: loss 4.3644, time 2494.87ms, mfu 7.91%
iter 14270: loss 4.3519, time 2468.47ms, mfu 7.98%
iter 14280: loss 4.2335, time 2469.89ms, mfu 8.05%
iter 14290: loss 4.6646, time 2467.90ms, mfu 8.11%
iter 14300: loss 4.4083, time 2469.58ms, mfu 8.16%
iter 14310: loss 4.5160, time 2478.15ms, mfu 8.21%
iter 14320: loss 4.4414, time 2475.48ms, mfu 8.25%
iter 14330: loss 4.3309, time 2469.81ms, mfu 8.29%
iter 14340: loss 4.3576, time 2480.76ms, mfu 8.32%
iter 14350: loss 4.2989, time 2477.10ms, mfu 8.35%
iter 14360: loss 4.4820, time 2473.76ms, mfu 8.38%
iter 14370: loss 4.3846, time 2470.80ms, mfu 8.40%
iter 14380: loss 4.4416, time 2468.20ms, mfu 8.43%
iter 14390: loss 4.1289, time 2467.80ms, mfu 8.45%
iter 14400: loss 4.5927, time 2508.23ms, mfu 8.45%
iter 14410: loss 4.5569, time 2470.05ms, mfu 8.47%
iter 14420: loss 4.4723, time 2505.48ms, mfu 8.48%
iter 14430: loss 4.5160, time 2477.72ms, mfu 8.49%
iter 14440: loss 4.4390, time 2468.68ms, mfu 8.51%
iter 14450: loss 4.4813, time 2464.35ms, mfu 8.52%
iter 14460: loss 4.3331, time 2468.97ms, mfu 8.53%
iter 14470: loss 4.4385, time 2470.97ms, mfu 8.54%
iter 14480: loss 4.3328, time 2470.04ms, mfu 8.55%
iter 14490: loss 4.3787, time 2463.09ms, mfu 8.57%
step 14500: train loss 4.3932, val loss 4.3910
saving checkpoint to out-owt-res-big
iter 14500: loss 4.4891, time 9926.12ms, mfu 7.92%
iter 14510: loss 4.4679, time 2472.65ms, mfu 7.99%
iter 14520: loss 4.3975, time 2466.96ms, mfu 8.06%
iter 14530: loss 4.4625, time 2471.76ms, mfu 8.12%
iter 14540: loss 4.4016, time 2480.97ms, mfu 8.17%
iter 14550: loss 4.5509, time 2504.42ms, mfu 8.20%
iter 14560: loss 4.3022, time 2477.57ms, mfu 8.24%
iter 14570: loss 4.2946, time 2474.15ms, mfu 8.28%
iter 14580: loss 4.3787, time 2464.83ms, mfu 8.32%
iter 14590: loss 4.5896, time 2477.71ms, mfu 8.35%
iter 14600: loss 4.4945, time 2470.71ms, mfu 8.38%
iter 14610: loss 4.4382, time 2469.32ms, mfu 8.40%
iter 14620: loss 4.6403, time 2468.44ms, mfu 8.43%
iter 14630: loss 4.5287, time 2485.71ms, mfu 8.44%
iter 14640: loss 4.2472, time 2478.08ms, mfu 8.46%
iter 14650: loss 4.4183, time 2477.41ms, mfu 8.48%
iter 14660: loss 4.5224, time 2471.59ms, mfu 8.49%
iter 14670: loss 4.5440, time 2480.02ms, mfu 8.50%
iter 14680: loss 4.6078, time 2481.15ms, mfu 8.51%
iter 14690: loss 4.5093, time 2471.92ms, mfu 8.53%
iter 14700: loss 4.3777, time 2493.57ms, mfu 8.53%
iter 14710: loss 4.5804, time 2475.13ms, mfu 8.54%
iter 14720: loss 4.5334, time 2492.02ms, mfu 8.54%
iter 14730: loss 4.1505, time 2474.83ms, mfu 8.55%
iter 14740: loss 4.4851, time 2475.50ms, mfu 8.56%
step 14750: train loss 4.4020, val loss 4.3773
saving checkpoint to out-owt-res-big
iter 14750: loss 4.4260, time 9982.67ms, mfu 7.91%
iter 14760: loss 4.3086, time 2489.77ms, mfu 7.98%
iter 14770: loss 4.4886, time 2472.07ms, mfu 8.05%
iter 14780: loss 4.4685, time 2474.72ms, mfu 8.10%
iter 14790: loss 4.3312, time 2471.47ms, mfu 8.16%
iter 14800: loss 4.4542, time 2471.79ms, mfu 8.20%
iter 14810: loss 4.4695, time 2468.38ms, mfu 8.25%
iter 14820: loss 4.4773, time 2472.59ms, mfu 8.29%
iter 14830: loss 4.4505, time 2478.63ms, mfu 8.32%
iter 14840: loss 4.4882, time 2473.10ms, mfu 8.35%
iter 14850: loss 4.4458, time 2470.86ms, mfu 8.38%
iter 14860: loss 4.5590, time 2469.95ms, mfu 8.40%
iter 14870: loss 4.2058, time 2472.06ms, mfu 8.43%
iter 14880: loss 4.3203, time 2473.47ms, mfu 8.45%
iter 14890: loss 4.5780, time 2469.53ms, mfu 8.47%
iter 14900: loss 4.5194, time 2475.48ms, mfu 8.48%
iter 14910: loss 4.4946, time 2482.72ms, mfu 8.49%
iter 14920: loss 4.5584, time 2475.46ms, mfu 8.51%
iter 14930: loss 4.5278, time 2512.89ms, mfu 8.51%
iter 14940: loss 4.6533, time 2473.70ms, mfu 8.52%
iter 14950: loss 4.5020, time 2467.41ms, mfu 8.53%
iter 14960: loss 4.5699, time 2469.61ms, mfu 8.54%
iter 14970: loss 4.4573, time 2470.66ms, mfu 8.55%
iter 14980: loss 4.4855, time 2477.08ms, mfu 8.56%
iter 14990: loss 4.5678, time 2464.63ms, mfu 8.57%
step 15000: train loss 4.3763, val loss 4.4033
saving checkpoint to out-owt-res-big
iter 15000: loss 4.3195, time 9862.75ms, mfu 7.93%
iter 15010: loss 4.2845, time 2466.74ms, mfu 8.00%
iter 15020: loss 4.3491, time 2475.08ms, mfu 8.06%
iter 15030: loss 4.3935, time 2463.30ms, mfu 8.12%
iter 15040: loss 4.5611, time 2464.29ms, mfu 8.18%
iter 15050: loss 4.7377, time 2470.61ms, mfu 8.22%
iter 15060: loss 4.5573, time 2468.97ms, mfu 8.26%
iter 15070: loss 4.4038, time 2473.78ms, mfu 8.30%
iter 15080: loss 4.3974, time 2474.60ms, mfu 8.33%
iter 15090: loss 4.4419, time 2464.64ms, mfu 8.37%
iter 15100: loss 4.6320, time 2470.54ms, mfu 8.39%
iter 15110: loss 4.3962, time 2486.46ms, mfu 8.41%
iter 15120: loss 4.4813, time 2476.35ms, mfu 8.43%
iter 15130: loss 4.3844, time 2467.67ms, mfu 8.45%
iter 15140: loss 4.5100, time 2470.68ms, mfu 8.47%
iter 15150: loss 4.3148, time 2477.72ms, mfu 8.49%
iter 15160: loss 4.4692, time 2491.56ms, mfu 8.49%
iter 15170: loss 4.3994, time 2475.98ms, mfu 8.51%
iter 15180: loss 4.2773, time 2470.65ms, mfu 8.52%
iter 15190: loss 4.2634, time 2474.24ms, mfu 8.53%
iter 15200: loss 4.0966, time 2480.57ms, mfu 8.54%
iter 15210: loss 4.5038, time 2473.23ms, mfu 8.55%
iter 15220: loss 4.3771, time 2478.27ms, mfu 8.55%
iter 15230: loss 4.5175, time 2470.57ms, mfu 8.56%
iter 15240: loss 4.3940, time 2478.46ms, mfu 8.57%
step 15250: train loss 4.4124, val loss 4.3451
saving checkpoint to out-owt-res-big
iter 15250: loss 4.3715, time 9929.42ms, mfu 7.93%
iter 15260: loss 4.3555, time 2468.95ms, mfu 8.00%
iter 15270: loss 4.4404, time 2480.16ms, mfu 8.06%
iter 15280: loss 4.4252, time 2479.85ms, mfu 8.11%
iter 15290: loss 4.3099, time 2479.64ms, mfu 8.16%
iter 15300: loss 4.3497, time 2481.78ms, mfu 8.21%
iter 15310: loss 4.2563, time 2473.06ms, mfu 8.25%
iter 15320: loss 4.4222, time 2476.73ms, mfu 8.29%
iter 15330: loss 4.4273, time 2483.44ms, mfu 8.32%
iter 15340: loss 4.5881, time 2480.41ms, mfu 8.34%
iter 15350: loss 4.3045, time 2469.54ms, mfu 8.37%
iter 15360: loss 4.3480, time 2481.91ms, mfu 8.40%
iter 15370: loss 4.5490, time 2478.41ms, mfu 8.42%
iter 15380: loss 4.2377, time 2482.87ms, mfu 8.44%
iter 15390: loss 4.3904, time 2476.07ms, mfu 8.45%
iter 15400: loss 4.4117, time 2482.01ms, mfu 8.47%
iter 15410: loss 4.4531, time 2475.44ms, mfu 8.48%
iter 15420: loss 4.4207, time 2475.56ms, mfu 8.50%
iter 15430: loss 4.3296, time 2487.95ms, mfu 8.51%
iter 15440: loss 4.3943, time 2476.08ms, mfu 8.52%
iter 15450: loss 4.4059, time 2483.92ms, mfu 8.52%
iter 15460: loss 4.4295, time 2473.65ms, mfu 8.53%
iter 15470: loss 4.3446, time 2471.89ms, mfu 8.54%
iter 15480: loss 4.5763, time 2475.11ms, mfu 8.55%
iter 15490: loss 4.3696, time 2464.26ms, mfu 8.56%
step 15500: train loss 4.4053, val loss 4.3733
saving checkpoint to out-owt-res-big
iter 15500: loss 4.3218, time 9863.32ms, mfu 7.92%
iter 15510: loss 4.3976, time 2466.94ms, mfu 8.00%
iter 15520: loss 4.1394, time 2482.05ms, mfu 8.06%
iter 15530: loss 4.5057, time 2470.52ms, mfu 8.11%
iter 15540: loss 4.5031, time 2473.00ms, mfu 8.17%
iter 15550: loss 4.5240, time 2468.40ms, mfu 8.21%
iter 15560: loss 4.9062, time 2480.23ms, mfu 8.25%
iter 15570: loss 4.4013, time 2483.22ms, mfu 8.29%
iter 15580: loss 4.5104, time 2475.84ms, mfu 8.32%
iter 15590: loss 4.4088, time 2479.99ms, mfu 8.35%
iter 15600: loss 4.2397, time 2484.36ms, mfu 8.37%
iter 15610: loss 4.5284, time 2478.52ms, mfu 8.40%
iter 15620: loss 4.5298, time 2510.41ms, mfu 8.41%
iter 15630: loss 4.5712, time 2495.59ms, mfu 8.42%
iter 15640: loss 4.4978, time 2478.57ms, mfu 8.44%
iter 15650: loss 4.5927, time 2480.63ms, mfu 8.46%
iter 15660: loss 4.5711, time 2482.38ms, mfu 8.47%
iter 15670: loss 4.4766, time 2474.61ms, mfu 8.49%
iter 15680: loss 4.5223, time 2492.50ms, mfu 8.49%
iter 15690: loss 4.4796, time 2486.58ms, mfu 8.50%
iter 15700: loss 4.2799, time 2469.79ms, mfu 8.52%
iter 15710: loss 4.6495, time 2484.50ms, mfu 8.52%
iter 15720: loss 4.5989, time 2475.88ms, mfu 8.53%
iter 15730: loss 4.4811, time 2486.95ms, mfu 8.54%
iter 15740: loss 4.3115, time 2480.97ms, mfu 8.54%
step 15750: train loss 4.3945, val loss 4.3884
saving checkpoint to out-owt-res-big
iter 15750: loss 4.4749, time 9856.64ms, mfu 7.91%
iter 15760: loss 4.2873, time 2493.61ms, mfu 7.97%
iter 15770: loss 4.4264, time 2498.69ms, mfu 8.03%
iter 15780: loss 4.3962, time 2480.93ms, mfu 8.09%
iter 15790: loss 4.4120, time 2518.22ms, mfu 8.13%
iter 15800: loss 4.5077, time 2496.45ms, mfu 8.17%
iter 15810: loss 4.2512, time 2482.86ms, mfu 8.21%
iter 15820: loss 4.5071, time 2483.05ms, mfu 8.25%
iter 15830: loss 4.4739, time 2487.12ms, mfu 8.28%
iter 15840: loss 4.3280, time 2485.81ms, mfu 8.31%
iter 15850: loss 4.5606, time 2488.01ms, mfu 8.34%
iter 15860: loss 4.5351, time 2480.52ms, mfu 8.37%
iter 15870: loss 4.3640, time 2476.85ms, mfu 8.39%
iter 15880: loss 4.6296, time 2489.44ms, mfu 8.41%
iter 15890: loss 4.4404, time 2481.68ms, mfu 8.43%
iter 15900: loss 4.3243, time 2492.56ms, mfu 8.44%
iter 15910: loss 4.4123, time 2473.42ms, mfu 8.46%
iter 15920: loss 4.5256, time 2481.39ms, mfu 8.47%
iter 15930: loss 4.4997, time 2473.35ms, mfu 8.49%
iter 15940: loss 4.4925, time 2481.81ms, mfu 8.50%
iter 15950: loss 4.4354, time 2480.82ms, mfu 8.51%
iter 15960: loss 4.3727, time 2479.16ms, mfu 8.52%
iter 15970: loss 4.3640, time 2483.91ms, mfu 8.53%
iter 15980: loss 4.6118, time 2483.87ms, mfu 8.53%
iter 15990: loss 4.5492, time 2485.32ms, mfu 8.54%
step 16000: train loss 4.3850, val loss 4.3768
saving checkpoint to out-owt-res-big
iter 16000: loss 4.6213, time 9898.04ms, mfu 7.90%
iter 16010: loss 4.5271, time 2473.28ms, mfu 7.97%
iter 16020: loss 4.4541, time 2479.31ms, mfu 8.04%
iter 16030: loss 4.4350, time 2476.39ms, mfu 8.10%
iter 16040: loss 4.4083, time 2477.45ms, mfu 8.15%
iter 16050: loss 4.4446, time 2478.73ms, mfu 8.19%
iter 16060: loss 4.4068, time 2492.27ms, mfu 8.23%
iter 16070: loss 4.3115, time 2484.33ms, mfu 8.27%
iter 16080: loss 4.4405, time 2484.29ms, mfu 8.30%
iter 16090: loss 4.4082, time 2484.66ms, mfu 8.33%
iter 16100: loss 4.5044, time 2476.14ms, mfu 8.36%
iter 16110: loss 4.2071, time 2474.25ms, mfu 8.38%
iter 16120: loss 4.3949, time 2487.09ms, mfu 8.40%
iter 16130: loss 4.4434, time 2491.00ms, mfu 8.42%
iter 16140: loss 4.5492, time 2496.06ms, mfu 8.43%
iter 16150: loss 4.4690, time 2487.35ms, mfu 8.45%
iter 16160: loss 4.3656, time 2476.88ms, mfu 8.46%
iter 16170: loss 4.5595, time 2476.79ms, mfu 8.48%
iter 16180: loss 4.4435, time 2480.86ms, mfu 8.49%
iter 16190: loss 4.3734, time 2489.42ms, mfu 8.50%
iter 16200: loss 4.4721, time 2482.99ms, mfu 8.51%
iter 16210: loss 4.4114, time 2479.23ms, mfu 8.52%
iter 16220: loss 4.5526, time 2475.97ms, mfu 8.53%
iter 16230: loss 4.4802, time 2478.70ms, mfu 8.54%
iter 16240: loss 4.5596, time 2480.97ms, mfu 8.54%
step 16250: train loss 4.3790, val loss 4.3712
saving checkpoint to out-owt-res-big
iter 16250: loss 4.4635, time 10164.48ms, mfu 7.90%
iter 16260: loss 4.5454, time 2483.37ms, mfu 7.97%
iter 16270: loss 4.2780, time 2482.72ms, mfu 8.03%
iter 16280: loss 4.3988, time 2478.64ms, mfu 8.09%
iter 16290: loss 4.6937, time 2493.74ms, mfu 8.14%
iter 16300: loss 4.7774, time 2481.14ms, mfu 8.18%
iter 16310: loss 4.3978, time 2483.42ms, mfu 8.22%
iter 16320: loss 4.5374, time 2484.54ms, mfu 8.26%
iter 16330: loss 4.4472, time 2489.08ms, mfu 8.29%
iter 16340: loss 4.4958, time 2483.87ms, mfu 8.32%
iter 16350: loss 4.6892, time 2478.31ms, mfu 8.35%
iter 16360: loss 4.4481, time 2470.48ms, mfu 8.38%
iter 16370: loss 4.4549, time 2485.13ms, mfu 8.40%
iter 16380: loss 4.4689, time 2486.14ms, mfu 8.42%
iter 16390: loss 4.5100, time 2479.68ms, mfu 8.44%
iter 16400: loss 4.4930, time 2480.05ms, mfu 8.45%
iter 16410: loss 4.3772, time 2478.32ms, mfu 8.47%
iter 16420: loss 4.4555, time 2489.18ms, mfu 8.48%
iter 16430: loss 4.3517, time 2483.69ms, mfu 8.49%
iter 16440: loss 4.3238, time 2485.55ms, mfu 8.50%
iter 16450: loss 4.2464, time 2490.05ms, mfu 8.51%
iter 16460: loss 4.4419, time 2482.26ms, mfu 8.52%
iter 16470: loss 4.3595, time 2482.19ms, mfu 8.53%
iter 16480: loss 4.2666, time 2487.61ms, mfu 8.53%
iter 16490: loss 4.5607, time 2490.45ms, mfu 8.53%
step 16500: train loss 4.3932, val loss 4.3664
saving checkpoint to out-owt-res-big
iter 16500: loss 4.3734, time 10083.62ms, mfu 7.89%
iter 16510: loss 4.5038, time 2499.09ms, mfu 7.96%
iter 16520: loss 4.3204, time 2483.97ms, mfu 8.02%
iter 16530: loss 4.4136, time 2500.17ms, mfu 8.07%
iter 16540: loss 4.5532, time 2500.79ms, mfu 8.12%
iter 16550: loss 4.3956, time 2479.74ms, mfu 8.17%
iter 16560: loss 4.3713, time 2482.74ms, mfu 8.21%
iter 16570: loss 4.4323, time 2478.84ms, mfu 8.25%
iter 16580: loss 4.3204, time 2491.28ms, mfu 8.28%
iter 16590: loss 4.2820, time 2488.29ms, mfu 8.31%
iter 16600: loss 4.6334, time 2475.56ms, mfu 8.34%
iter 16610: loss 4.5895, time 2488.63ms, mfu 8.37%
iter 16620: loss 4.2232, time 2487.61ms, mfu 8.39%
iter 16630: loss 4.4390, time 2496.52ms, mfu 8.40%
iter 16640: loss 4.3438, time 2495.24ms, mfu 8.42%
iter 16650: loss 4.5621, time 2502.78ms, mfu 8.43%
iter 16660: loss 4.4489, time 2516.18ms, mfu 8.43%
iter 16670: loss 4.1620, time 2495.79ms, mfu 8.45%
iter 16680: loss 4.5077, time 2497.78ms, mfu 8.46%
iter 16690: loss 4.3797, time 2495.80ms, mfu 8.47%
iter 16700: loss 4.6104, time 2485.53ms, mfu 8.48%
iter 16710: loss 4.4696, time 2475.12ms, mfu 8.49%
iter 16720: loss 4.7440, time 2498.51ms, mfu 8.50%
iter 16730: loss 4.3323, time 2480.63ms, mfu 8.51%
iter 16740: loss 4.5816, time 2493.85ms, mfu 8.51%
step 16750: train loss 4.3915, val loss 4.3743
saving checkpoint to out-owt-res-big
iter 16750: loss 4.4189, time 9951.92ms, mfu 7.88%
iter 16760: loss 4.2136, time 2486.05ms, mfu 7.95%
iter 16770: loss 4.3878, time 2491.54ms, mfu 8.01%
iter 16780: loss 4.3825, time 2490.04ms, mfu 8.06%
iter 16790: loss 4.4479, time 2489.50ms, mfu 8.12%
iter 16800: loss 4.3971, time 2498.20ms, mfu 8.16%
iter 16810: loss 4.3374, time 2492.70ms, mfu 8.20%
iter 16820: loss 4.4205, time 2500.51ms, mfu 8.23%
iter 16830: loss 4.3481, time 2495.51ms, mfu 8.26%
iter 16840: loss 4.3490, time 2497.88ms, mfu 8.29%
iter 16850: loss 4.3967, time 2507.92ms, mfu 8.31%
iter 16860: loss 4.4020, time 2494.41ms, mfu 8.34%
iter 16870: loss 4.5450, time 2503.99ms, mfu 8.36%
iter 16880: loss 4.4593, time 2501.43ms, mfu 8.37%
iter 16890: loss 4.2097, time 2485.57ms, mfu 8.40%
iter 16900: loss 4.3629, time 2504.02ms, mfu 8.41%
iter 16910: loss 4.4697, time 2487.48ms, mfu 8.43%
iter 16920: loss 4.5617, time 2493.97ms, mfu 8.44%
iter 16930: loss 4.2298, time 2487.62ms, mfu 8.45%
iter 16940: loss 4.4186, time 2504.30ms, mfu 8.46%
iter 16950: loss 4.4767, time 2487.09ms, mfu 8.47%
iter 16960: loss 4.2114, time 2486.46ms, mfu 8.48%
iter 16970: loss 4.6220, time 2498.00ms, mfu 8.49%
iter 16980: loss 4.3716, time 2496.25ms, mfu 8.49%
iter 16990: loss 4.3432, time 2494.93ms, mfu 8.50%
step 17000: train loss 4.3698, val loss 4.3810
saving checkpoint to out-owt-res-big
iter 17000: loss 4.3317, time 9904.39ms, mfu 7.87%
iter 17010: loss 4.3769, time 2500.66ms, mfu 7.93%
iter 17020: loss 4.3855, time 2492.53ms, mfu 8.00%
iter 17030: loss 4.6784, time 2496.56ms, mfu 8.05%
iter 17040: loss 4.5311, time 2487.85ms, mfu 8.10%
iter 17050: loss 4.2741, time 2500.40ms, mfu 8.15%
iter 17060: loss 4.4546, time 2488.32ms, mfu 8.19%
iter 17070: loss 4.4494, time 2501.90ms, mfu 8.22%
iter 17080: loss 4.2812, time 2504.71ms, mfu 8.25%
iter 17090: loss 4.4015, time 2497.61ms, mfu 8.28%
iter 17100: loss 4.4881, time 2503.68ms, mfu 8.31%
iter 17110: loss 4.3621, time 2495.57ms, mfu 8.33%
iter 17120: loss 4.5418, time 2504.85ms, mfu 8.35%
iter 17130: loss 4.6974, time 2491.87ms, mfu 8.37%
iter 17140: loss 4.2308, time 2484.34ms, mfu 8.39%
iter 17150: loss 4.4935, time 2505.93ms, mfu 8.41%
iter 17160: loss 4.6618, time 2497.91ms, mfu 8.42%
iter 17170: loss 4.5667, time 2473.46ms, mfu 8.44%
iter 17180: loss 4.3976, time 2486.54ms, mfu 8.45%
iter 17190: loss 4.5762, time 2497.88ms, mfu 8.46%
iter 17200: loss 4.2989, time 2506.60ms, mfu 8.47%
iter 17210: loss 4.3622, time 2497.71ms, mfu 8.48%
iter 17220: loss 4.5128, time 2498.76ms, mfu 8.48%
iter 17230: loss 4.5613, time 2508.58ms, mfu 8.49%
iter 17240: loss 4.4971, time 2504.81ms, mfu 8.49%
step 17250: train loss 4.3561, val loss 4.3849
saving checkpoint to out-owt-res-big
iter 17250: loss 4.5576, time 10083.69ms, mfu 7.85%
iter 17260: loss 4.4534, time 2484.08ms, mfu 7.93%
iter 17270: loss 4.4369, time 2487.71ms, mfu 7.99%
iter 17280: loss 4.4307, time 2497.43ms, mfu 8.05%
iter 17290: loss 4.2731, time 2506.26ms, mfu 8.09%
iter 17300: loss 4.4109, time 2505.16ms, mfu 8.14%
iter 17310: loss 4.3921, time 2486.01ms, mfu 8.18%
iter 17320: loss 4.4402, time 2503.46ms, mfu 8.22%
iter 17330: loss 4.4811, time 2507.62ms, mfu 8.24%
iter 17340: loss 4.5669, time 2500.35ms, mfu 8.27%
iter 17350: loss 4.4799, time 2498.70ms, mfu 8.30%
iter 17360: loss 4.3883, time 2521.79ms, mfu 8.32%
iter 17370: loss 4.6777, time 2513.97ms, mfu 8.33%
iter 17380: loss 4.4669, time 2508.65ms, mfu 8.35%
iter 17390: loss 4.2916, time 2498.63ms, mfu 8.37%
iter 17400: loss 4.2324, time 2498.82ms, mfu 8.39%
iter 17410: loss 4.3482, time 2502.30ms, mfu 8.40%
iter 17420: loss 4.4395, time 2502.02ms, mfu 8.41%
iter 17430: loss 4.2462, time 2504.24ms, mfu 8.43%
iter 17440: loss 4.5873, time 2507.55ms, mfu 8.43%
iter 17450: loss 4.5601, time 2504.85ms, mfu 8.44%
iter 17460: loss 4.3708, time 2491.96ms, mfu 8.45%
iter 17470: loss 4.3944, time 2489.81ms, mfu 8.47%
iter 17480: loss 4.3169, time 2497.60ms, mfu 8.47%
iter 17490: loss 4.4008, time 2497.14ms, mfu 8.48%
step 17500: train loss 4.3711, val loss 4.3629
saving checkpoint to out-owt-res-big
iter 17500: loss 4.5084, time 9972.95ms, mfu 7.85%
iter 17510: loss 4.3458, time 2508.00ms, mfu 7.91%
iter 17520: loss 4.5604, time 2510.41ms, mfu 7.97%
iter 17530: loss 4.3309, time 2490.10ms, mfu 8.03%
iter 17540: loss 4.2802, time 2501.23ms, mfu 8.08%
iter 17550: loss 4.4733, time 2504.14ms, mfu 8.13%
iter 17560: loss 4.4861, time 2497.73ms, mfu 8.17%
iter 17570: loss 4.5592, time 2508.92ms, mfu 8.20%
iter 17580: loss 4.4034, time 2503.80ms, mfu 8.23%
iter 17590: loss 4.2693, time 2503.76ms, mfu 8.26%
iter 17600: loss 4.5426, time 2492.68ms, mfu 8.29%
iter 17610: loss 4.5731, time 2500.24ms, mfu 8.32%
iter 17620: loss 4.5658, time 2499.34ms, mfu 8.34%
iter 17630: loss 4.6440, time 2511.99ms, mfu 8.35%
iter 17640: loss 4.4810, time 2501.75ms, mfu 8.37%
iter 17650: loss 4.5138, time 2511.25ms, mfu 8.39%
iter 17660: loss 4.3875, time 2503.81ms, mfu 8.40%
iter 17670: loss 4.3875, time 2508.16ms, mfu 8.41%
iter 17680: loss 4.4764, time 2500.12ms, mfu 8.42%
iter 17690: loss 4.6900, time 2500.77ms, mfu 8.43%
iter 17700: loss 4.3611, time 2503.49ms, mfu 8.44%
iter 17710: loss 4.6731, time 2486.53ms, mfu 8.46%
iter 17720: loss 4.4395, time 2495.05ms, mfu 8.47%
iter 17730: loss 4.3343, time 2495.39ms, mfu 8.48%
iter 17740: loss 4.3846, time 2491.12ms, mfu 8.48%
step 17750: train loss 4.3835, val loss 4.3873
saving checkpoint to out-owt-res-big
iter 17750: loss 4.3132, time 9893.98ms, mfu 7.85%
iter 17760: loss 4.5036, time 2506.30ms, mfu 7.92%
iter 17770: loss 4.3885, time 2491.68ms, mfu 7.98%
iter 17780: loss 4.4964, time 2495.57ms, mfu 8.04%
iter 17790: loss 4.2653, time 2495.70ms, mfu 8.09%
iter 17800: loss 4.5153, time 2499.97ms, mfu 8.14%
iter 17810: loss 4.4517, time 2506.31ms, mfu 8.17%
iter 17820: loss 4.5448, time 2505.89ms, mfu 8.21%
iter 17830: loss 4.5252, time 2513.68ms, mfu 8.24%
iter 17840: loss 4.5016, time 2508.31ms, mfu 8.26%
iter 17850: loss 4.5806, time 2502.60ms, mfu 8.29%
iter 17860: loss 4.3697, time 2498.86ms, mfu 8.31%
iter 17870: loss 4.2612, time 2492.89ms, mfu 8.34%
iter 17880: loss 4.3642, time 2491.37ms, mfu 8.36%
iter 17890: loss 4.4260, time 2499.11ms, mfu 8.38%
iter 17900: loss 4.5150, time 2505.59ms, mfu 8.39%
iter 17910: loss 4.3516, time 2524.28ms, mfu 8.40%
iter 17920: loss 4.4505, time 2520.95ms, mfu 8.41%
iter 17930: loss 4.7043, time 2527.82ms, mfu 8.41%
iter 17940: loss 4.4050, time 2518.99ms, mfu 8.42%
iter 17950: loss 4.5370, time 2535.03ms, mfu 8.42%
iter 17960: loss 4.5124, time 2529.90ms, mfu 8.42%
iter 17970: loss 4.4115, time 2531.26ms, mfu 8.42%
iter 17980: loss 4.2164, time 2525.83ms, mfu 8.42%
iter 17990: loss 4.3750, time 2527.97ms, mfu 8.42%
step 18000: train loss 4.3895, val loss 4.3629
saving checkpoint to out-owt-res-big
iter 18000: loss 4.2968, time 10207.26ms, mfu 7.79%
iter 18010: loss 4.5455, time 2498.72ms, mfu 7.87%
iter 18020: loss 4.3766, time 2517.34ms, mfu 7.93%
iter 18030: loss 4.4112, time 2512.09ms, mfu 7.98%
iter 18040: loss 4.2760, time 2502.45ms, mfu 8.04%
iter 18050: loss 4.5046, time 2503.83ms, mfu 8.09%
iter 18060: loss 4.2641, time 2497.88ms, mfu 8.13%
iter 18070: loss 4.3969, time 2498.25ms, mfu 8.17%
iter 18080: loss 4.5487, time 2506.95ms, mfu 8.21%
iter 18090: loss 4.3917, time 2506.27ms, mfu 8.24%
iter 18100: loss 4.3992, time 2505.26ms, mfu 8.27%
iter 18110: loss 4.4274, time 2493.77ms, mfu 8.30%
iter 18120: loss 4.2370, time 2502.66ms, mfu 8.32%
iter 18130: loss 4.4433, time 2493.69ms, mfu 8.34%
iter 18140: loss 4.4918, time 2488.95ms, mfu 8.37%
iter 18150: loss 4.5125, time 2504.54ms, mfu 8.38%
iter 18160: loss 4.2817, time 2497.26ms, mfu 8.40%
iter 18170: loss 4.3784, time 2514.09ms, mfu 8.41%
iter 18180: loss 4.2750, time 2498.17ms, mfu 8.42%
iter 18190: loss 4.6124, time 2501.36ms, mfu 8.43%
iter 18200: loss 4.4507, time 2510.90ms, mfu 8.44%
iter 18210: loss 4.4990, time 2492.85ms, mfu 8.45%
iter 18220: loss 4.4832, time 2508.98ms, mfu 8.46%
iter 18230: loss 4.4288, time 2513.40ms, mfu 8.46%
iter 18240: loss 4.2970, time 2503.60ms, mfu 8.47%
step 18250: train loss 4.3750, val loss 4.3886
saving checkpoint to out-owt-res-big
iter 18250: loss 4.4878, time 10011.35ms, mfu 7.83%
iter 18260: loss 4.3291, time 2514.40ms, mfu 7.90%
iter 18270: loss 4.2056, time 2511.89ms, mfu 7.96%
iter 18280: loss 4.3197, time 2539.71ms, mfu 8.00%
iter 18290: loss 4.4340, time 2522.07ms, mfu 8.05%
iter 18300: loss 4.4342, time 2528.62ms, mfu 8.09%
iter 18310: loss 4.4887, time 2522.12ms, mfu 8.13%
iter 18320: loss 4.4782, time 2502.03ms, mfu 8.17%
iter 18330: loss 4.4316, time 2526.45ms, mfu 8.19%
iter 18340: loss 4.5677, time 2535.40ms, mfu 8.22%
iter 18350: loss 4.4653, time 2509.36ms, mfu 8.24%
iter 18360: loss 4.5597, time 2502.52ms, mfu 8.27%
iter 18370: loss 4.3661, time 2494.34ms, mfu 8.30%
iter 18380: loss 4.5270, time 2497.86ms, mfu 8.33%
iter 18390: loss 4.4095, time 2507.26ms, mfu 8.34%
iter 18400: loss 4.3597, time 2502.54ms, mfu 8.36%
iter 18410: loss 4.4086, time 2504.02ms, mfu 8.38%
iter 18420: loss 4.3592, time 2514.16ms, mfu 8.39%
iter 18430: loss 4.5223, time 2500.09ms, mfu 8.40%
iter 18440: loss 4.1649, time 2515.81ms, mfu 8.41%
iter 18450: loss 4.1756, time 2499.32ms, mfu 8.42%
iter 18460: loss 4.4168, time 2508.91ms, mfu 8.43%
iter 18470: loss 4.2997, time 2507.52ms, mfu 8.44%
iter 18480: loss 4.5258, time 2502.15ms, mfu 8.45%
iter 18490: loss 4.3033, time 2504.89ms, mfu 8.46%
step 18500: train loss 4.3537, val loss 4.3702
saving checkpoint to out-owt-res-big
iter 18500: loss 4.6043, time 9889.12ms, mfu 7.83%
iter 18510: loss 4.5103, time 2495.22ms, mfu 7.90%
iter 18520: loss 4.5380, time 2506.51ms, mfu 7.96%
iter 18530: loss 4.4304, time 2499.15ms, mfu 8.02%
iter 18540: loss 4.3988, time 2506.42ms, mfu 8.07%
iter 18550: loss 4.2941, time 2516.43ms, mfu 8.11%
iter 18560: loss 4.5436, time 2500.98ms, mfu 8.15%
iter 18570: loss 4.3131, time 2515.28ms, mfu 8.19%
iter 18580: loss 4.4983, time 2500.38ms, mfu 8.22%
iter 18590: loss 4.6588, time 2498.33ms, mfu 8.25%
iter 18600: loss 4.5954, time 2512.80ms, mfu 8.28%
iter 18610: loss 4.2866, time 2503.41ms, mfu 8.30%
iter 18620: loss 4.3582, time 2510.03ms, mfu 8.32%
iter 18630: loss 4.4081, time 2511.99ms, mfu 8.34%
iter 18640: loss 4.6817, time 2516.18ms, mfu 8.35%
iter 18650: loss 4.5019, time 2508.59ms, mfu 8.37%
iter 18660: loss 4.1720, time 2507.43ms, mfu 8.38%
iter 18670: loss 4.4125, time 2506.41ms, mfu 8.40%
iter 18680: loss 4.3607, time 2510.70ms, mfu 8.41%
iter 18690: loss 4.2826, time 2510.64ms, mfu 8.42%
iter 18700: loss 4.5019, time 2492.21ms, mfu 8.43%
iter 18710: loss 4.4441, time 2500.20ms, mfu 8.44%
iter 18720: loss 4.2603, time 2507.51ms, mfu 8.45%
iter 18730: loss 4.4368, time 2508.63ms, mfu 8.45%
iter 18740: loss 4.5205, time 2507.47ms, mfu 8.46%
step 18750: train loss 4.3657, val loss 4.3857
saving checkpoint to out-owt-res-big
iter 18750: loss 4.3384, time 9903.04ms, mfu 7.83%
iter 18760: loss 4.3244, time 2511.10ms, mfu 7.90%
iter 18770: loss 4.4304, time 2481.64ms, mfu 7.97%
iter 18780: loss 4.3749, time 2499.58ms, mfu 8.02%
iter 18790: loss 4.4961, time 2512.45ms, mfu 8.07%
iter 18800: loss 4.3566, time 2508.76ms, mfu 8.11%
iter 18810: loss 4.5062, time 2515.22ms, mfu 8.15%
iter 18820: loss 4.4335, time 2505.07ms, mfu 8.19%
iter 18830: loss 4.4168, time 2504.03ms, mfu 8.22%
iter 18840: loss 4.2983, time 2507.45ms, mfu 8.25%
iter 18850: loss 4.5189, time 2504.13ms, mfu 8.28%
iter 18860: loss 4.4858, time 2504.36ms, mfu 8.30%
iter 18870: loss 4.2472, time 2508.87ms, mfu 8.32%
iter 18880: loss 4.4141, time 2507.58ms, mfu 8.34%
iter 18890: loss 4.5602, time 2517.47ms, mfu 8.36%
iter 18900: loss 4.3023, time 2508.53ms, mfu 8.37%
iter 18910: loss 4.4058, time 2502.94ms, mfu 8.39%
iter 18920: loss 4.4809, time 2511.54ms, mfu 8.40%
iter 18930: loss 4.4746, time 2511.55ms, mfu 8.41%
iter 18940: loss 4.2377, time 2499.63ms, mfu 8.42%
iter 18950: loss 4.5405, time 2498.60ms, mfu 8.43%
iter 18960: loss 4.5184, time 2510.38ms, mfu 8.44%
iter 18970: loss 4.3681, time 2515.80ms, mfu 8.44%
iter 18980: loss 4.1771, time 2510.84ms, mfu 8.45%
iter 18990: loss 4.2686, time 2498.36ms, mfu 8.46%
step 19000: train loss 4.3703, val loss 4.3721
saving checkpoint to out-owt-res-big
iter 19000: loss 4.3761, time 10085.54ms, mfu 7.82%
iter 19010: loss 4.3880, time 2513.45ms, mfu 7.89%
iter 19020: loss 4.3989, time 2501.63ms, mfu 7.95%
iter 19030: loss 4.3349, time 2515.10ms, mfu 8.01%
iter 19040: loss 4.4573, time 2512.13ms, mfu 8.06%
iter 19050: loss 4.3998, time 2500.16ms, mfu 8.10%
iter 19060: loss 4.4229, time 2515.55ms, mfu 8.14%
iter 19070: loss 4.3772, time 2507.61ms, mfu 8.18%
iter 19080: loss 4.4430, time 2507.84ms, mfu 8.21%
iter 19090: loss 4.2772, time 2510.03ms, mfu 8.24%
iter 19100: loss 4.4213, time 2508.37ms, mfu 8.27%
iter 19110: loss 4.4335, time 2502.55ms, mfu 8.29%
iter 19120: loss 4.4663, time 2520.91ms, mfu 8.31%
iter 19130: loss 4.7082, time 2508.78ms, mfu 8.33%
iter 19140: loss 4.4460, time 2504.24ms, mfu 8.35%
iter 19150: loss 4.5577, time 2512.27ms, mfu 8.36%
iter 19160: loss 4.4714, time 2509.05ms, mfu 8.38%
iter 19170: loss 4.6348, time 2507.35ms, mfu 8.39%
iter 19180: loss 4.5528, time 2509.79ms, mfu 8.40%
iter 19190: loss 4.4037, time 2512.22ms, mfu 8.41%
iter 19200: loss 4.4732, time 2505.87ms, mfu 8.42%
iter 19210: loss 4.4004, time 2517.65ms, mfu 8.43%
iter 19220: loss 4.4084, time 2513.58ms, mfu 8.43%
iter 19230: loss 4.5483, time 2521.49ms, mfu 8.44%
iter 19240: loss 4.3203, time 2506.65ms, mfu 8.44%
step 19250: train loss 4.3451, val loss 4.3356
saving checkpoint to out-owt-res-big
iter 19250: loss 4.3803, time 9937.72ms, mfu 7.82%
iter 19260: loss 4.4195, time 2499.68ms, mfu 7.89%
iter 19270: loss 4.5018, time 2519.65ms, mfu 7.95%
iter 19280: loss 4.4177, time 2519.83ms, mfu 8.00%
iter 19290: loss 4.2656, time 2510.63ms, mfu 8.05%
iter 19300: loss 4.5645, time 2508.88ms, mfu 8.09%
iter 19310: loss 4.4264, time 2518.22ms, mfu 8.13%
iter 19320: loss 4.6721, time 2512.45ms, mfu 8.17%
iter 19330: loss 4.5864, time 2492.94ms, mfu 8.21%
iter 19340: loss 4.3980, time 2517.32ms, mfu 8.23%
iter 19350: loss 4.4736, time 2512.56ms, mfu 8.26%
iter 19360: loss 4.3170, time 2511.21ms, mfu 8.28%
iter 19370: loss 4.4252, time 2517.23ms, mfu 8.30%
iter 19380: loss 4.4695, time 2497.01ms, mfu 8.33%
iter 19390: loss 4.2519, time 2516.08ms, mfu 8.34%
iter 19400: loss 4.3107, time 2513.72ms, mfu 8.36%
iter 19410: loss 4.7344, time 2509.64ms, mfu 8.37%
iter 19420: loss 4.6331, time 2505.38ms, mfu 8.39%
iter 19430: loss 4.2010, time 2506.97ms, mfu 8.40%
iter 19440: loss 4.2726, time 2514.84ms, mfu 8.41%
iter 19450: loss 4.4197, time 2509.43ms, mfu 8.42%
iter 19460: loss 4.2964, time 2497.28ms, mfu 8.43%
iter 19470: loss 4.4654, time 2504.23ms, mfu 8.44%
iter 19480: loss 4.3676, time 2505.47ms, mfu 8.45%
iter 19490: loss 4.4362, time 2500.85ms, mfu 8.46%
step 19500: train loss 4.3593, val loss 4.3720
saving checkpoint to out-owt-res-big
iter 19500: loss 4.4762, time 9898.04ms, mfu 7.83%
iter 19510: loss 4.3968, time 2512.17ms, mfu 7.89%
iter 19520: loss 4.3932, time 2507.36ms, mfu 7.96%
iter 19530: loss 4.4607, time 2515.25ms, mfu 8.01%
iter 19540: loss 4.4032, time 2528.81ms, mfu 8.05%
iter 19550: loss 4.3448, time 2508.25ms, mfu 8.10%
iter 19560: loss 4.5793, time 2503.13ms, mfu 8.14%
iter 19570: loss 4.5674, time 2515.48ms, mfu 8.17%
iter 19580: loss 4.4517, time 2506.26ms, mfu 8.21%
iter 19590: loss 4.4579, time 2513.55ms, mfu 8.24%
iter 19600: loss 4.3721, time 2514.07ms, mfu 8.26%
iter 19610: loss 4.4354, time 2511.49ms, mfu 8.29%
iter 19620: loss 4.4257, time 2508.83ms, mfu 8.31%
iter 19630: loss 4.4183, time 2517.31ms, mfu 8.32%
iter 19640: loss 4.4577, time 2498.13ms, mfu 8.35%
iter 19650: loss 4.4854, time 2512.82ms, mfu 8.36%
iter 19660: loss 4.3514, time 2508.79ms, mfu 8.38%
iter 19670: loss 4.4707, time 2503.87ms, mfu 8.39%
iter 19680: loss 4.4586, time 2511.86ms, mfu 8.40%
iter 19690: loss 4.3466, time 2510.61ms, mfu 8.41%
iter 19700: loss 4.1007, time 2513.26ms, mfu 8.42%
iter 19710: loss 4.3847, time 2514.23ms, mfu 8.43%
iter 19720: loss 4.3106, time 2522.60ms, mfu 8.43%
iter 19730: loss 4.3646, time 2509.86ms, mfu 8.44%
iter 19740: loss 4.5431, time 2498.16ms, mfu 8.45%
step 19750: train loss 4.3540, val loss 4.3674
saving checkpoint to out-owt-res-big
iter 19750: loss 4.4496, time 9885.80ms, mfu 7.82%
iter 19760: loss 4.5533, time 2508.65ms, mfu 7.89%
iter 19770: loss 4.3986, time 2503.12ms, mfu 7.95%
iter 19780: loss 4.5486, time 2521.27ms, mfu 8.00%
iter 19790: loss 4.2521, time 2511.03ms, mfu 8.05%
iter 19800: loss 4.5236, time 2512.32ms, mfu 8.10%
iter 19810: loss 4.1414, time 2517.37ms, mfu 8.13%
iter 19820: loss 4.4184, time 2503.20ms, mfu 8.17%
iter 19830: loss 4.6921, time 2500.93ms, mfu 8.21%
iter 19840: loss 4.6590, time 2502.49ms, mfu 8.24%
iter 19850: loss 4.1082, time 2496.11ms, mfu 8.27%
iter 19860: loss 4.4464, time 2496.72ms, mfu 8.30%
iter 19870: loss 4.4260, time 2501.90ms, mfu 8.32%
iter 19880: loss 4.4754, time 2515.17ms, mfu 8.34%
iter 19890: loss 4.4029, time 2506.64ms, mfu 8.36%
iter 19900: loss 4.2163, time 2523.47ms, mfu 8.37%
iter 19910: loss 4.4658, time 2521.08ms, mfu 8.38%
iter 19920: loss 4.5867, time 2506.11ms, mfu 8.39%
iter 19930: loss 4.4796, time 2509.97ms, mfu 8.40%
iter 19940: loss 4.4524, time 2512.99ms, mfu 8.41%
iter 19950: loss 4.3948, time 2519.43ms, mfu 8.42%
iter 19960: loss 4.4509, time 2514.77ms, mfu 8.42%
iter 19970: loss 4.6208, time 2509.45ms, mfu 8.43%
iter 19980: loss 4.4439, time 2495.67ms, mfu 8.44%
iter 19990: loss 4.3619, time 2502.70ms, mfu 8.45%
step 20000: train loss 4.3785, val loss 4.3936
saving checkpoint to out-owt-res-big
iter 20000: loss 4.3908, time 9888.66ms, mfu 7.82%
iter 20010: loss 4.2724, time 2502.39ms, mfu 7.89%
iter 20020: loss 4.4726, time 2522.08ms, mfu 7.95%
iter 20030: loss 4.2992, time 2507.24ms, mfu 8.01%
iter 20040: loss 4.4652, time 2514.61ms, mfu 8.05%
iter 20050: loss 4.6337, time 2512.12ms, mfu 8.10%
iter 20060: loss 4.4642, time 2518.49ms, mfu 8.14%
iter 20070: loss 4.5509, time 2504.20ms, mfu 8.17%
iter 20080: loss 4.5278, time 2508.02ms, mfu 8.21%
iter 20090: loss 4.2904, time 2507.98ms, mfu 8.24%
iter 20100: loss 4.7119, time 2500.12ms, mfu 8.27%
iter 20110: loss 4.5104, time 2514.26ms, mfu 8.29%
iter 20120: loss 4.3549, time 2522.47ms, mfu 8.31%
iter 20130: loss 4.3398, time 2504.79ms, mfu 8.33%
iter 20140: loss 4.3184, time 2503.85ms, mfu 8.35%
iter 20150: loss 4.2109, time 2517.00ms, mfu 8.36%
iter 20160: loss 4.5066, time 2507.35ms, mfu 8.38%
iter 20170: loss 4.4214, time 2508.15ms, mfu 8.39%
iter 20180: loss 4.4585, time 2506.16ms, mfu 8.40%
iter 20190: loss 4.1206, time 2519.61ms, mfu 8.41%
iter 20200: loss 4.4299, time 2509.98ms, mfu 8.42%
iter 20210: loss 4.4985, time 2513.50ms, mfu 8.43%
iter 20220: loss 4.7486, time 2506.82ms, mfu 8.43%
iter 20230: loss 4.4025, time 2521.69ms, mfu 8.44%
iter 20240: loss 4.5232, time 2520.17ms, mfu 8.44%
step 20250: train loss 4.3475, val loss 4.3686
saving checkpoint to out-owt-res-big
iter 20250: loss 4.5470, time 9853.36ms, mfu 7.81%
iter 20260: loss 4.2922, time 2507.68ms, mfu 7.88%
iter 20270: loss 4.6019, time 2517.23ms, mfu 7.94%
iter 20280: loss 4.5446, time 2513.88ms, mfu 8.00%
iter 20290: loss 4.4090, time 2509.92ms, mfu 8.05%
iter 20300: loss 4.3262, time 2515.45ms, mfu 8.09%
iter 20310: loss 4.5679, time 2518.59ms, mfu 8.13%
iter 20320: loss 4.4888, time 2501.03ms, mfu 8.17%
iter 20330: loss 4.3227, time 2518.14ms, mfu 8.20%
iter 20340: loss 4.5240, time 2517.61ms, mfu 8.23%
iter 20350: loss 4.3357, time 2510.84ms, mfu 8.26%
iter 20360: loss 4.2795, time 2514.75ms, mfu 8.28%
iter 20370: loss 4.2516, time 2503.38ms, mfu 8.30%
iter 20380: loss 4.4920, time 2520.30ms, mfu 8.32%
iter 20390: loss 4.3501, time 2505.47ms, mfu 8.34%
iter 20400: loss 4.3169, time 2531.92ms, mfu 8.35%
iter 20410: loss 4.5384, time 2549.99ms, mfu 8.35%
iter 20420: loss 4.4100, time 2514.14ms, mfu 8.36%
iter 20430: loss 4.3365, time 2538.34ms, mfu 8.37%
iter 20440: loss 4.2630, time 2522.08ms, mfu 8.38%
iter 20450: loss 4.2663, time 2517.13ms, mfu 8.39%
iter 20460: loss 4.4303, time 2541.18ms, mfu 8.39%
iter 20470: loss 4.4320, time 2504.27ms, mfu 8.40%
iter 20480: loss 4.4604, time 2532.01ms, mfu 8.40%
iter 20490: loss 4.5562, time 2488.61ms, mfu 8.42%
step 20500: train loss 4.3714, val loss 4.3780
saving checkpoint to out-owt-res-big
iter 20500: loss 4.3499, time 10161.88ms, mfu 7.79%
iter 20510: loss 4.2277, time 2498.88ms, mfu 7.86%
iter 20520: loss 4.5687, time 2538.75ms, mfu 7.92%
iter 20530: loss 4.3377, time 2531.93ms, mfu 7.97%
iter 20540: loss 4.3375, time 2518.00ms, mfu 8.02%
iter 20550: loss 4.2501, time 2521.70ms, mfu 8.06%
iter 20560: loss 4.4594, time 2513.36ms, mfu 8.11%
iter 20570: loss 4.4615, time 2509.36ms, mfu 8.15%
iter 20580: loss 4.3810, time 2518.66ms, mfu 8.18%
iter 20590: loss 4.4372, time 2514.79ms, mfu 8.21%
iter 20600: loss 4.4810, time 2503.74ms, mfu 8.24%
iter 20610: loss 4.6625, time 2526.86ms, mfu 8.26%
iter 20620: loss 4.3028, time 2523.60ms, mfu 8.28%
iter 20630: loss 4.4273, time 2520.57ms, mfu 8.30%
iter 20640: loss 4.2831, time 2511.20ms, mfu 8.32%
iter 20650: loss 4.4474, time 2517.10ms, mfu 8.34%
iter 20660: loss 4.3918, time 2516.58ms, mfu 8.35%
iter 20670: loss 4.3997, time 2512.78ms, mfu 8.36%
iter 20680: loss 4.4773, time 2521.98ms, mfu 8.37%
iter 20690: loss 4.2790, time 2506.33ms, mfu 8.39%
iter 20700: loss 4.4715, time 2515.24ms, mfu 8.40%
iter 20710: loss 4.3888, time 2512.22ms, mfu 8.41%
iter 20720: loss 4.4474, time 2517.33ms, mfu 8.41%
iter 20730: loss 4.6951, time 2513.15ms, mfu 8.42%
iter 20740: loss 4.6274, time 2514.57ms, mfu 8.43%
step 20750: train loss 4.3610, val loss 4.3858
saving checkpoint to out-owt-res-big
iter 20750: loss 4.5588, time 9956.05ms, mfu 7.80%
iter 20760: loss 4.5235, time 2515.05ms, mfu 7.87%
iter 20770: loss 4.5268, time 2521.36ms, mfu 7.93%
iter 20780: loss 4.3973, time 2518.68ms, mfu 7.98%
iter 20790: loss 4.4698, time 2520.51ms, mfu 8.03%
iter 20800: loss 4.2401, time 2511.67ms, mfu 8.08%
iter 20810: loss 4.3155, time 2509.39ms, mfu 8.12%
iter 20820: loss 4.5296, time 2509.36ms, mfu 8.16%
iter 20830: loss 4.3247, time 2519.02ms, mfu 8.19%
iter 20840: loss 4.4502, time 2515.02ms, mfu 8.22%
iter 20850: loss 4.4951, time 2507.90ms, mfu 8.25%
iter 20860: loss 4.3185, time 2507.83ms, mfu 8.27%
iter 20870: loss 4.5128, time 2504.11ms, mfu 8.30%
iter 20880: loss 4.3070, time 2520.47ms, mfu 8.32%
iter 20890: loss 4.3864, time 2517.71ms, mfu 8.33%
iter 20900: loss 4.2951, time 2510.18ms, mfu 8.35%
iter 20910: loss 4.4483, time 2510.91ms, mfu 8.36%
iter 20920: loss 4.4245, time 2509.03ms, mfu 8.38%
iter 20930: loss 4.7009, time 2514.75ms, mfu 8.39%
iter 20940: loss 4.4123, time 2508.47ms, mfu 8.40%
iter 20950: loss 4.4723, time 2517.52ms, mfu 8.41%
iter 20960: loss 4.6055, time 2503.06ms, mfu 8.42%
iter 20970: loss 4.2113, time 2517.09ms, mfu 8.43%
iter 20980: loss 4.6530, time 2515.88ms, mfu 8.43%
iter 20990: loss 4.4029, time 2503.88ms, mfu 8.44%
step 21000: train loss 4.3570, val loss 4.3417
saving checkpoint to out-owt-res-big
iter 21000: loss 4.4994, time 9882.02ms, mfu 7.81%
iter 21010: loss 4.4670, time 2514.69ms, mfu 7.88%
iter 21020: loss 4.5594, time 2501.68ms, mfu 7.95%
iter 21030: loss 4.5450, time 2515.56ms, mfu 8.00%
iter 21040: loss 4.3805, time 2512.76ms, mfu 8.05%
iter 21050: loss 4.6257, time 2510.79ms, mfu 8.09%
iter 21060: loss 4.6651, time 2507.97ms, mfu 8.14%
iter 21070: loss 4.3971, time 2513.69ms, mfu 8.17%
iter 21080: loss 4.2273, time 2501.77ms, mfu 8.21%
iter 21090: loss 4.7497, time 2506.58ms, mfu 8.24%
iter 21100: loss 4.3438, time 2513.74ms, mfu 8.26%
iter 21110: loss 4.3329, time 2518.00ms, mfu 8.28%
iter 21120: loss 4.4548, time 2514.96ms, mfu 8.30%
iter 21130: loss 4.5824, time 2507.66ms, mfu 8.32%
iter 21140: loss 4.3756, time 2507.79ms, mfu 8.34%
iter 21150: loss 4.4791, time 2513.24ms, mfu 8.36%
iter 21160: loss 4.2442, time 2510.12ms, mfu 8.37%
iter 21170: loss 4.3883, time 2516.67ms, mfu 8.38%
iter 21180: loss 4.3490, time 2497.68ms, mfu 8.40%
iter 21190: loss 4.3532, time 2513.63ms, mfu 8.41%
iter 21200: loss 4.4771, time 2519.05ms, mfu 8.41%
iter 21210: loss 4.4929, time 2523.78ms, mfu 8.42%
iter 21220: loss 4.6222, time 2504.10ms, mfu 8.43%
iter 21230: loss 4.5225, time 2520.57ms, mfu 8.43%
iter 21240: loss 4.4333, time 2504.99ms, mfu 8.44%
step 21250: train loss 4.4026, val loss 4.3441
saving checkpoint to out-owt-res-big
iter 21250: loss 4.4971, time 10138.76ms, mfu 7.81%
iter 21260: loss 4.2598, time 2517.43ms, mfu 7.88%
iter 21270: loss 4.4231, time 2514.07ms, mfu 7.94%
iter 21280: loss 4.4304, time 2530.45ms, mfu 7.99%
iter 21290: loss 4.3378, time 2532.77ms, mfu 8.03%
iter 21300: loss 4.3063, time 2511.57ms, mfu 8.08%
iter 21310: loss 4.3908, time 2509.16ms, mfu 8.12%
iter 21320: loss 4.2980, time 2499.35ms, mfu 8.16%
iter 21330: loss 4.4550, time 2522.24ms, mfu 8.19%
iter 21340: loss 4.6326, time 2516.93ms, mfu 8.22%
iter 21350: loss 4.3885, time 2515.23ms, mfu 8.25%
iter 21360: loss 4.6674, time 2519.33ms, mfu 8.27%
iter 21370: loss 4.6325, time 2518.05ms, mfu 8.29%
iter 21380: loss 4.4559, time 2523.35ms, mfu 8.31%
iter 21390: loss 4.3866, time 2515.78ms, mfu 8.32%
iter 21400: loss 4.5900, time 2523.98ms, mfu 8.34%
iter 21410: loss 4.2963, time 2496.85ms, mfu 8.36%
iter 21420: loss 4.4690, time 2513.15ms, mfu 8.37%
iter 21430: loss 4.3200, time 2517.09ms, mfu 8.38%
iter 21440: loss 4.3052, time 2517.03ms, mfu 8.39%
iter 21450: loss 4.3934, time 2512.61ms, mfu 8.40%
iter 21460: loss 4.5534, time 2520.18ms, mfu 8.41%
iter 21470: loss 4.5436, time 2516.47ms, mfu 8.42%
iter 21480: loss 4.3520, time 2505.19ms, mfu 8.43%
iter 21490: loss 4.3918, time 2513.49ms, mfu 8.43%
step 21500: train loss 4.3441, val loss 4.3144
saving checkpoint to out-owt-res-big
iter 21500: loss 4.4161, time 10018.14ms, mfu 7.80%
iter 21510: loss 4.6455, time 2515.64ms, mfu 7.87%
iter 21520: loss 4.4627, time 2515.49ms, mfu 7.93%
iter 21530: loss 4.3216, time 2518.86ms, mfu 7.99%
iter 21540: loss 4.4284, time 2513.65ms, mfu 8.04%
iter 21550: loss 4.4637, time 2522.79ms, mfu 8.08%
iter 21560: loss 4.3157, time 2514.80ms, mfu 8.12%
iter 21570: loss 4.4852, time 2512.55ms, mfu 8.16%
iter 21580: loss 4.7424, time 2517.04ms, mfu 8.19%
iter 21590: loss 4.5000, time 2511.89ms, mfu 8.22%
iter 21600: loss 4.4301, time 2512.87ms, mfu 8.25%
iter 21610: loss 4.3794, time 2513.36ms, mfu 8.27%
iter 21620: loss 4.5334, time 2509.07ms, mfu 8.30%
iter 21630: loss 4.3292, time 2508.54ms, mfu 8.32%
iter 21640: loss 4.3204, time 2507.66ms, mfu 8.34%
iter 21650: loss 4.5169, time 2517.74ms, mfu 8.35%
iter 21660: loss 4.3547, time 2520.79ms, mfu 8.36%
iter 21670: loss 4.5389, time 2518.70ms, mfu 8.37%
iter 21680: loss 4.4059, time 2511.65ms, mfu 8.39%
iter 21690: loss 4.4803, time 2501.81ms, mfu 8.40%
iter 21700: loss 4.3809, time 2519.55ms, mfu 8.41%
iter 21710: loss 4.3365, time 2513.27ms, mfu 8.42%
iter 21720: loss 4.5071, time 2515.32ms, mfu 8.42%
iter 21730: loss 4.4342, time 2523.60ms, mfu 8.43%
iter 21740: loss 4.3158, time 2520.37ms, mfu 8.43%
step 21750: train loss 4.3531, val loss 4.3799
saving checkpoint to out-owt-res-big
iter 21750: loss 4.3998, time 9819.77ms, mfu 7.80%
iter 21760: loss 4.4926, time 2505.74ms, mfu 7.88%
iter 21770: loss 4.4256, time 2505.05ms, mfu 7.94%
iter 21780: loss 4.4520, time 2517.82ms, mfu 7.99%
iter 21790: loss 4.5819, time 2516.29ms, mfu 8.04%
iter 21800: loss 4.2649, time 2512.78ms, mfu 8.09%
iter 21810: loss 4.3882, time 2516.83ms, mfu 8.13%
iter 21820: loss 4.4533, time 2522.77ms, mfu 8.16%
iter 21830: loss 4.4375, time 2500.85ms, mfu 8.20%
iter 21840: loss 4.3398, time 2514.75ms, mfu 8.23%
iter 21850: loss 4.2474, time 2514.68ms, mfu 8.25%
iter 21860: loss 4.3866, time 2498.86ms, mfu 8.28%
iter 21870: loss 4.4045, time 2518.43ms, mfu 8.30%
iter 21880: loss 4.2744, time 2521.32ms, mfu 8.32%
iter 21890: loss 4.5134, time 2515.16ms, mfu 8.33%
iter 21900: loss 4.4630, time 2510.65ms, mfu 8.35%
iter 21910: loss 4.5810, time 2526.99ms, mfu 8.36%
iter 21920: loss 4.5261, time 2515.74ms, mfu 8.37%
iter 21930: loss 4.4603, time 2509.35ms, mfu 8.39%
iter 21940: loss 4.2787, time 2518.62ms, mfu 8.39%
iter 21950: loss 4.5821, time 2516.49ms, mfu 8.40%
iter 21960: loss 4.3767, time 2522.77ms, mfu 8.41%
iter 21970: loss 4.2612, time 2517.17ms, mfu 8.42%
iter 21980: loss 4.3905, time 2518.58ms, mfu 8.42%
iter 21990: loss 4.4422, time 2507.00ms, mfu 8.43%
step 22000: train loss 4.3549, val loss 4.3679
saving checkpoint to out-owt-res-big
iter 22000: loss 4.3101, time 9872.69ms, mfu 7.80%
iter 22010: loss 4.5016, time 2535.28ms, mfu 7.87%
iter 22020: loss 4.3592, time 2526.78ms, mfu 7.92%
iter 22030: loss 4.1707, time 2527.70ms, mfu 7.98%
iter 22040: loss 4.4197, time 2506.32ms, mfu 8.03%
iter 22050: loss 4.6301, time 2519.82ms, mfu 8.07%
iter 22060: loss 4.3415, time 2512.24ms, mfu 8.12%
iter 22070: loss 4.4787, time 2523.87ms, mfu 8.15%
iter 22080: loss 4.4933, time 2510.89ms, mfu 8.18%
iter 22090: loss 4.4044, time 2505.79ms, mfu 8.22%
iter 22100: loss 4.4457, time 2504.06ms, mfu 8.25%
iter 22110: loss 4.1301, time 2523.43ms, mfu 8.27%
iter 22120: loss 4.5700, time 2514.76ms, mfu 8.29%
iter 22130: loss 4.6174, time 2519.65ms, mfu 8.31%
iter 22140: loss 4.0516, time 2516.14ms, mfu 8.33%
iter 22150: loss 4.3664, time 2522.40ms, mfu 8.34%
iter 22160: loss 4.3732, time 2527.44ms, mfu 8.35%
iter 22170: loss 4.4213, time 2518.16ms, mfu 8.36%
iter 22180: loss 4.3747, time 2519.61ms, mfu 8.37%
iter 22190: loss 4.4036, time 2513.61ms, mfu 8.38%
iter 22200: loss 4.4931, time 2524.63ms, mfu 8.39%
iter 22210: loss 4.1180, time 2519.72ms, mfu 8.40%
iter 22220: loss 4.6672, time 2514.13ms, mfu 8.41%
iter 22230: loss 4.4586, time 2510.32ms, mfu 8.42%
iter 22240: loss 4.4684, time 2520.58ms, mfu 8.42%
step 22250: train loss 4.3434, val loss 4.3542
saving checkpoint to out-owt-res-big
iter 22250: loss 4.5957, time 10044.53ms, mfu 7.79%
iter 22260: loss 4.4867, time 2514.91ms, mfu 7.86%
iter 22270: loss 4.3959, time 2510.03ms, mfu 7.93%
iter 22280: loss 4.5655, time 2516.65ms, mfu 7.98%
iter 22290: loss 4.4076, time 2519.23ms, mfu 8.03%
iter 22300: loss 4.2936, time 2534.02ms, mfu 8.07%
iter 22310: loss 4.7534, time 2526.02ms, mfu 8.11%
iter 22320: loss 4.4316, time 2512.99ms, mfu 8.15%
iter 22330: loss 4.5750, time 2542.49ms, mfu 8.17%
iter 22340: loss 4.4967, time 2512.84ms, mfu 8.20%
iter 22350: loss 4.4583, time 2525.36ms, mfu 8.23%
iter 22360: loss 4.3819, time 2512.97ms, mfu 8.25%
iter 22370: loss 4.4216, time 2522.88ms, mfu 8.27%
iter 22380: loss 4.2190, time 2521.31ms, mfu 8.29%
iter 22390: loss 4.3510, time 2508.96ms, mfu 8.32%
iter 22400: loss 4.3609, time 2517.43ms, mfu 8.33%
iter 22410: loss 4.6301, time 2517.50ms, mfu 8.35%
iter 22420: loss 4.5217, time 2515.97ms, mfu 8.36%
iter 22430: loss 4.4551, time 2502.45ms, mfu 8.38%
iter 22440: loss 4.3799, time 2505.86ms, mfu 8.39%
iter 22450: loss 4.3734, time 2513.52ms, mfu 8.40%
iter 22460: loss 4.3539, time 2515.79ms, mfu 8.41%
iter 22470: loss 4.4240, time 2516.99ms, mfu 8.42%
iter 22480: loss 4.2844, time 2513.73ms, mfu 8.42%
iter 22490: loss 4.2984, time 2518.78ms, mfu 8.43%
step 22500: train loss 4.3716, val loss 4.3681
saving checkpoint to out-owt-res-big
iter 22500: loss 4.4928, time 9890.31ms, mfu 7.80%
iter 22510: loss 4.3103, time 2518.59ms, mfu 7.87%
iter 22520: loss 4.4005, time 2515.82ms, mfu 7.93%
iter 22530: loss 4.4275, time 2506.29ms, mfu 7.99%
iter 22540: loss 4.4824, time 2523.40ms, mfu 8.04%
iter 22550: loss 4.3965, time 2512.92ms, mfu 8.08%
iter 22560: loss 4.4352, time 2514.89ms, mfu 8.12%
iter 22570: loss 4.5593, time 2512.45ms, mfu 8.16%
iter 22580: loss 4.3428, time 2525.02ms, mfu 8.19%
iter 22590: loss 4.6821, time 2515.34ms, mfu 8.22%
iter 22600: loss 4.4514, time 2515.98ms, mfu 8.24%
iter 22610: loss 4.4424, time 2517.22ms, mfu 8.27%
iter 22620: loss 4.4541, time 2517.48ms, mfu 8.29%
iter 22630: loss 4.5430, time 2526.50ms, mfu 8.30%
iter 22640: loss 4.4285, time 2510.33ms, mfu 8.32%
iter 22650: loss 4.4012, time 2507.85ms, mfu 8.34%
iter 22660: loss 4.2197, time 2523.40ms, mfu 8.35%
iter 22670: loss 4.5792, time 2509.68ms, mfu 8.37%
iter 22680: loss 4.5752, time 2521.14ms, mfu 8.38%
iter 22690: loss 4.5037, time 2522.65ms, mfu 8.39%
iter 22700: loss 4.2936, time 2513.93ms, mfu 8.40%
iter 22710: loss 4.4210, time 2507.95ms, mfu 8.41%
iter 22720: loss 4.4567, time 2507.70ms, mfu 8.42%
iter 22730: loss 4.2589, time 2519.74ms, mfu 8.42%
iter 22740: loss 4.3521, time 2524.17ms, mfu 8.43%
step 22750: train loss 4.3312, val loss 4.3595
saving checkpoint to out-owt-res-big
iter 22750: loss 4.5863, time 9845.04ms, mfu 7.80%
iter 22760: loss 4.6789, time 2521.42ms, mfu 7.87%
iter 22770: loss 4.5142, time 2517.68ms, mfu 7.93%
iter 22780: loss 4.3721, time 2517.38ms, mfu 7.98%
iter 22790: loss 4.4040, time 2513.71ms, mfu 8.03%
iter 22800: loss 4.5078, time 2521.41ms, mfu 8.08%
iter 22810: loss 4.5972, time 2514.05ms, mfu 8.12%
iter 22820: loss 4.6330, time 2523.79ms, mfu 8.15%
iter 22830: loss 4.5686, time 2513.83ms, mfu 8.19%
iter 22840: loss 4.2488, time 2518.56ms, mfu 8.21%
iter 22850: loss 4.4866, time 2519.45ms, mfu 8.24%
iter 22860: loss 4.4140, time 2522.21ms, mfu 8.26%
iter 22870: loss 4.3023, time 2520.87ms, mfu 8.28%
iter 22880: loss 4.5237, time 2528.40ms, mfu 8.30%
iter 22890: loss 4.5847, time 2516.89ms, mfu 8.32%
iter 22900: loss 4.4082, time 2522.29ms, mfu 8.33%
iter 22910: loss 4.4513, time 2518.61ms, mfu 8.35%
iter 22920: loss 4.3873, time 2517.33ms, mfu 8.36%
iter 22930: loss 4.2064, time 2516.82ms, mfu 8.37%
iter 22940: loss 4.4284, time 2513.18ms, mfu 8.38%
iter 22950: loss 4.5334, time 2502.30ms, mfu 8.40%
iter 22960: loss 4.4169, time 2519.89ms, mfu 8.40%
iter 22970: loss 4.6571, time 2506.90ms, mfu 8.42%
iter 22980: loss 4.4009, time 2520.88ms, mfu 8.42%
iter 22990: loss 4.4513, time 2518.29ms, mfu 8.43%
step 23000: train loss 4.3361, val loss 4.3442
saving checkpoint to out-owt-res-big
iter 23000: loss 4.4081, time 10091.26ms, mfu 7.79%
iter 23010: loss 4.2714, time 2519.76ms, mfu 7.86%
iter 23020: loss 4.2539, time 2522.66ms, mfu 7.92%
iter 23030: loss 4.2096, time 2519.21ms, mfu 7.98%
iter 23040: loss 4.4374, time 2516.59ms, mfu 8.03%
iter 23050: loss 4.3123, time 2505.00ms, mfu 8.08%
iter 23060: loss 4.2134, time 2505.38ms, mfu 8.12%
iter 23070: loss 4.4421, time 2513.18ms, mfu 8.16%
iter 23080: loss 4.4676, time 2549.40ms, mfu 8.18%
iter 23090: loss 4.5088, time 2529.54ms, mfu 8.20%
iter 23100: loss 4.3803, time 2529.72ms, mfu 8.23%
iter 23110: loss 4.3886, time 2530.86ms, mfu 8.25%
iter 23120: loss 4.4458, time 2517.97ms, mfu 8.27%
iter 23130: loss 4.2373, time 2517.00ms, mfu 8.29%
iter 23140: loss 4.5595, time 2519.96ms, mfu 8.31%
iter 23150: loss 4.2323, time 2515.31ms, mfu 8.33%
iter 23160: loss 4.3816, time 2524.83ms, mfu 8.34%
iter 23170: loss 4.4547, time 2520.07ms, mfu 8.35%
iter 23180: loss 4.5086, time 2521.04ms, mfu 8.36%
iter 23190: loss 4.3285, time 2514.79ms, mfu 8.38%
iter 23200: loss 4.3708, time 2522.74ms, mfu 8.38%
iter 23210: loss 4.2342, time 2516.13ms, mfu 8.39%
iter 23220: loss 4.5255, time 2519.09ms, mfu 8.40%
iter 23230: loss 4.4541, time 2520.05ms, mfu 8.41%
iter 23240: loss 4.4687, time 2520.49ms, mfu 8.41%
step 23250: train loss 4.3641, val loss 4.3678
saving checkpoint to out-owt-res-big
iter 23250: loss 4.3468, time 9935.82ms, mfu 7.79%
iter 23260: loss 4.1881, time 2512.97ms, mfu 7.86%
iter 23270: loss 4.4400, time 2518.03ms, mfu 7.92%
iter 23280: loss 4.3099, time 2520.81ms, mfu 7.97%
iter 23290: loss 4.2765, time 2518.50ms, mfu 8.02%
iter 23300: loss 4.4287, time 2513.41ms, mfu 8.07%
iter 23310: loss 4.2844, time 2510.87ms, mfu 8.11%
iter 23320: loss 4.3083, time 2489.92ms, mfu 8.16%
iter 23330: loss 4.3911, time 2489.21ms, mfu 8.20%
iter 23340: loss 4.5827, time 2487.49ms, mfu 8.24%
iter 23350: loss 4.3413, time 2573.35ms, mfu 8.24%
iter 23360: loss 4.4628, time 2560.01ms, mfu 8.25%
iter 23370: loss 4.4186, time 2569.50ms, mfu 8.26%
iter 23380: loss 4.3228, time 2571.96ms, mfu 8.26%
iter 23390: loss 4.4610, time 2473.60ms, mfu 8.30%
iter 23400: loss 4.4443, time 2468.83ms, mfu 8.33%
iter 23410: loss 4.1886, time 2486.27ms, mfu 8.36%
iter 23420: loss 4.1346, time 2473.02ms, mfu 8.39%
iter 23430: loss 4.2103, time 2467.23ms, mfu 8.41%
iter 23440: loss 4.3237, time 2465.45ms, mfu 8.44%
iter 23450: loss 4.4521, time 2466.09ms, mfu 8.46%
iter 23460: loss 4.4557, time 2472.16ms, mfu 8.48%
iter 23470: loss 4.2254, time 2466.92ms, mfu 8.49%
iter 23480: loss 4.6586, time 2461.91ms, mfu 8.51%
iter 23490: loss 4.4175, time 2465.57ms, mfu 8.53%
step 23500: train loss 4.3423, val loss 4.3641
saving checkpoint to out-owt-res-big
iter 23500: loss 4.3473, time 9786.28ms, mfu 7.89%
iter 23510: loss 4.5606, time 2582.70ms, mfu 7.93%
iter 23520: loss 4.4215, time 2504.42ms, mfu 7.99%
iter 23530: loss 4.3004, time 2500.16ms, mfu 8.04%
iter 23540: loss 4.4170, time 2463.24ms, mfu 8.10%
iter 23550: loss 4.4969, time 2465.29ms, mfu 8.16%
iter 23560: loss 4.5885, time 2466.22ms, mfu 8.21%
iter 23570: loss 4.4316, time 2463.02ms, mfu 8.25%
iter 23580: loss 4.5792, time 2469.49ms, mfu 8.29%
iter 23590: loss 4.2587, time 2467.10ms, mfu 8.33%
iter 23600: loss 4.4743, time 2462.63ms, mfu 8.36%
iter 23610: loss 4.4731, time 2465.89ms, mfu 8.39%
iter 23620: loss 4.4389, time 2467.62ms, mfu 8.42%
iter 23630: loss 4.2050, time 2466.28ms, mfu 8.44%
iter 23640: loss 4.4060, time 2463.49ms, mfu 8.46%
iter 23650: loss 4.2863, time 2464.59ms, mfu 8.48%
iter 23660: loss 4.5076, time 2462.44ms, mfu 8.50%
iter 23670: loss 4.2713, time 2474.77ms, mfu 8.51%
iter 23680: loss 4.5009, time 2467.13ms, mfu 8.53%
iter 23690: loss 4.4423, time 2477.38ms, mfu 8.54%
iter 23700: loss 4.3811, time 2474.90ms, mfu 8.54%
iter 23710: loss 4.2955, time 2471.28ms, mfu 8.55%
iter 23720: loss 4.2846, time 2466.77ms, mfu 8.56%
iter 23730: loss 4.4873, time 2477.30ms, mfu 8.57%
iter 23740: loss 4.3627, time 2464.42ms, mfu 8.58%
step 23750: train loss 4.3468, val loss 4.3419
saving checkpoint to out-owt-res-big
iter 23750: loss 4.2687, time 10045.91ms, mfu 7.93%
iter 23760: loss 4.6659, time 2487.27ms, mfu 8.00%
iter 23770: loss 4.6127, time 2471.95ms, mfu 8.06%
iter 23780: loss 4.6309, time 2469.75ms, mfu 8.12%
iter 23790: loss 4.5651, time 2468.20ms, mfu 8.17%
iter 23800: loss 4.5710, time 2583.97ms, mfu 8.18%
iter 23810: loss 4.4150, time 2460.67ms, mfu 8.23%
iter 23820: loss 4.4006, time 2488.47ms, mfu 8.26%
iter 23830: loss 4.5345, time 2464.86ms, mfu 8.30%
iter 23840: loss 4.3885, time 2477.72ms, mfu 8.33%
iter 23850: loss 4.6038, time 2470.35ms, mfu 8.37%
iter 23860: loss 4.5006, time 2462.25ms, mfu 8.40%
iter 23870: loss 4.5822, time 2463.09ms, mfu 8.42%
iter 23880: loss 4.3765, time 2460.02ms, mfu 8.45%
iter 23890: loss 4.3795, time 2460.09ms, mfu 8.47%
iter 23900: loss 4.3529, time 2461.69ms, mfu 8.49%
iter 23910: loss 4.5613, time 2459.25ms, mfu 8.51%
iter 23920: loss 4.3088, time 2465.45ms, mfu 8.52%
iter 23930: loss 4.4780, time 2461.80ms, mfu 8.54%
iter 23940: loss 4.3059, time 2467.64ms, mfu 8.55%
iter 23950: loss 4.4859, time 2458.92ms, mfu 8.56%
iter 23960: loss 4.5757, time 2461.70ms, mfu 8.57%
iter 23970: loss 4.4092, time 2461.29ms, mfu 8.58%
iter 23980: loss 4.4502, time 2464.31ms, mfu 8.59%
iter 23990: loss 4.4290, time 2482.76ms, mfu 8.59%
step 24000: train loss 4.3335, val loss 4.3173
saving checkpoint to out-owt-res-big
iter 24000: loss 4.3788, time 9815.23ms, mfu 7.95%
Overriding config with config/train_owt_res_big.py:
# train a miniature character-level shakespeare model
# good for debugging and playing on macbooks and such

out_dir = 'out-owt-res-big'
eval_interval = 250 # keep frequent because we'll overfit
eval_iters = 50
log_interval = 10 # don't print too too often

# we expect to overfit on this small dataset, so only save when val improves
always_save_checkpoint = True

wandb_log = False # override via command line if you like
wandb_project = 'owt'
wandb_run_name = 'mini-gpt'

#init_from = 'scratch'
init_from = 'resume'

dataset = 'openwebtext'
gradient_accumulation_steps = 16
batch_size = 64
block_size = 512 # context of up to 256 previous characters

# baby GPT model :)
n_layer = 2
n_head = 6
n_embd = 1024
dropout = 0.2

learning_rate = 1e-4 # with baby networks can afford to go a bit higher
max_iters = 20000
lr_decay_iters = 20000 # make equal to max_iters usually
min_lr = 1e-5 # learning_rate / 10 usually
beta2 = 0.99 # make a bit bigger because number of tokens per iter is small

warmup_iters = 100 # not super necessary potentially

compile = False
# on macbook also add
device = 'cuda:0'  # run on cpu only
# compile = False # do not torch compile the model

tokens per iteration will be: 524,288
Resuming training from out-owt-res-big
number of parameters: 202.52M
num decayed parameter tensors: 16, with 161,087,488 parameters
num non-decayed parameter tensors: 9, with 9,216 parameters
using fused AdamW: True
step 11750: train loss 3.9209, val loss 3.9325
saving checkpoint to out-owt-res-big
iter 11750: loss 3.9506, time 33665.04ms, mfu -100.00%
iter 11760: loss 3.9609, time 8974.83ms, mfu 22.99%
iter 11770: loss 4.0022, time 9018.03ms, mfu 22.97%
iter 11780: loss 3.9130, time 9002.74ms, mfu 22.97%
iter 11790: loss 4.0146, time 9003.56ms, mfu 22.96%
iter 11800: loss 3.9684, time 8996.18ms, mfu 22.96%
iter 11810: loss 3.9874, time 9014.27ms, mfu 22.95%
iter 11820: loss 3.9713, time 9002.41ms, mfu 22.95%
iter 11830: loss 4.0063, time 8995.16ms, mfu 22.95%
iter 11840: loss 3.9870, time 9006.47ms, mfu 22.94%
iter 11850: loss 3.9269, time 9001.58ms, mfu 22.94%
iter 11860: loss 3.8898, time 8997.26ms, mfu 22.94%
iter 11870: loss 3.9535, time 8997.26ms, mfu 22.94%
iter 11880: loss 3.9098, time 9012.43ms, mfu 22.93%
iter 11890: loss 4.0597, time 8977.07ms, mfu 22.94%
iter 11900: loss 3.9602, time 9015.89ms, mfu 22.93%
iter 11910: loss 4.0706, time 8980.84ms, mfu 22.94%
iter 11920: loss 3.8802, time 9003.93ms, mfu 22.93%
iter 11930: loss 4.0491, time 9011.83ms, mfu 22.93%
iter 11940: loss 3.9369, time 9013.53ms, mfu 22.93%
iter 11950: loss 3.9154, time 9010.55ms, mfu 22.92%
iter 11960: loss 4.0025, time 8993.57ms, mfu 22.92%
iter 11970: loss 3.9361, time 9012.27ms, mfu 22.92%
iter 11980: loss 3.9291, time 9004.66ms, mfu 22.92%
iter 11990: loss 3.9685, time 9010.72ms, mfu 22.92%
step 12000: train loss 3.9023, val loss 3.9236
saving checkpoint to out-owt-res-big
iter 12000: loss 3.8610, time 33973.34ms, mfu 21.23%
iter 12010: loss 3.9331, time 9011.07ms, mfu 21.40%
iter 12020: loss 4.0060, time 9007.57ms, mfu 21.55%
iter 12030: loss 4.0401, time 9022.05ms, mfu 21.68%
iter 12040: loss 3.9515, time 9003.85ms, mfu 21.80%
iter 12050: loss 3.8078, time 8991.62ms, mfu 21.92%
iter 12060: loss 3.9075, time 9013.02ms, mfu 22.01%
iter 12070: loss 4.0288, time 8995.13ms, mfu 22.11%
iter 12080: loss 3.9774, time 9013.83ms, mfu 22.18%
iter 12090: loss 3.9799, time 8995.06ms, mfu 22.26%
iter 12100: loss 3.8784, time 8991.37ms, mfu 22.33%
iter 12110: loss 3.8986, time 8983.62ms, mfu 22.39%
iter 12120: loss 3.9899, time 9015.19ms, mfu 22.44%
iter 12130: loss 3.9202, time 9016.31ms, mfu 22.48%
iter 12140: loss 3.9166, time 8993.18ms, mfu 22.53%
iter 12150: loss 3.9124, time 9012.11ms, mfu 22.57%
iter 12160: loss 4.0078, time 9016.83ms, mfu 22.60%
iter 12170: loss 3.9615, time 9006.55ms, mfu 22.63%
iter 12180: loss 3.9260, time 9002.80ms, mfu 22.66%
iter 12190: loss 3.8638, time 8998.38ms, mfu 22.68%
iter 12200: loss 3.9500, time 8997.82ms, mfu 22.71%
iter 12210: loss 4.0315, time 8997.65ms, mfu 22.73%
iter 12220: loss 3.9277, time 9013.23ms, mfu 22.75%
iter 12230: loss 3.9527, time 9010.76ms, mfu 22.76%
iter 12240: loss 4.0010, time 9013.27ms, mfu 22.77%
step 12250: train loss 3.8792, val loss 3.9242
saving checkpoint to out-owt-res-big
iter 12250: loss 3.9194, time 33953.13ms, mfu 21.10%
iter 12260: loss 3.8890, time 9002.13ms, mfu 21.28%
iter 12270: loss 3.8832, time 9002.00ms, mfu 21.45%
iter 12280: loss 3.8590, time 9012.72ms, mfu 21.59%
iter 12290: loss 3.9041, time 9002.45ms, mfu 21.72%
iter 12300: loss 3.9507, time 9014.39ms, mfu 21.84%
iter 12310: loss 3.9224, time 9008.38ms, mfu 21.95%
iter 12320: loss 3.9650, time 8999.72ms, mfu 22.04%
iter 12330: loss 3.9171, time 9003.55ms, mfu 22.13%
iter 12340: loss 4.0235, time 8996.69ms, mfu 22.21%
iter 12350: loss 4.0576, time 8996.51ms, mfu 22.28%
iter 12360: loss 3.9709, time 9000.15ms, mfu 22.35%
iter 12370: loss 3.8796, time 9003.27ms, mfu 22.40%
iter 12380: loss 3.8582, time 9016.48ms, mfu 22.45%
iter 12390: loss 3.8757, time 9018.64ms, mfu 22.49%
iter 12400: loss 3.8423, time 9016.23ms, mfu 22.53%
iter 12410: loss 3.9229, time 8977.78ms, mfu 22.58%
iter 12420: loss 4.1203, time 8994.90ms, mfu 22.61%
iter 12430: loss 3.8894, time 9012.55ms, mfu 22.64%
iter 12440: loss 3.8857, time 9003.42ms, mfu 22.67%
iter 12450: loss 3.9868, time 9017.99ms, mfu 22.69%
iter 12460: loss 3.9410, time 9010.33ms, mfu 22.71%
iter 12470: loss 3.9711, time 9010.55ms, mfu 22.73%
iter 12480: loss 4.0233, time 9002.23ms, mfu 22.75%
iter 12490: loss 4.0056, time 8993.20ms, mfu 22.77%
step 12500: train loss 3.8464, val loss 3.9148
saving checkpoint to out-owt-res-big
iter 12500: loss 3.8169, time 33936.70ms, mfu 21.10%
iter 12510: loss 3.9434, time 8977.04ms, mfu 21.28%
iter 12520: loss 3.9371, time 8995.34ms, mfu 21.45%
iter 12530: loss 3.8353, time 8955.50ms, mfu 21.61%
iter 12540: loss 3.9021, time 8999.75ms, mfu 21.74%
iter 12550: loss 3.9211, time 9002.04ms, mfu 21.86%
iter 12560: loss 3.9267, time 8995.19ms, mfu 21.96%
iter 12570: loss 3.9428, time 8985.56ms, mfu 22.06%
iter 12580: loss 4.0318, time 9001.02ms, mfu 22.15%
iter 12590: loss 3.9100, time 8973.12ms, mfu 22.23%
iter 12600: loss 3.8992, time 8989.65ms, mfu 22.31%
iter 12610: loss 3.8654, time 9000.07ms, mfu 22.37%
iter 12620: loss 3.9807, time 9004.54ms, mfu 22.42%
iter 12630: loss 4.0110, time 8996.69ms, mfu 22.47%
iter 12640: loss 3.8962, time 9000.70ms, mfu 22.52%
iter 12650: loss 3.8381, time 8986.16ms, mfu 22.56%
iter 12660: loss 3.8689, time 9007.66ms, mfu 22.59%
iter 12670: loss 3.9572, time 9004.89ms, mfu 22.63%
iter 12680: loss 3.8512, time 9008.12ms, mfu 22.65%
iter 12690: loss 3.9620, time 8996.25ms, mfu 22.68%
iter 12700: loss 3.9792, time 9000.61ms, mfu 22.71%
iter 12710: loss 3.9098, time 8995.82ms, mfu 22.73%
iter 12720: loss 3.9142, time 8998.88ms, mfu 22.75%
iter 12730: loss 3.9323, time 9003.55ms, mfu 22.76%
iter 12740: loss 3.9759, time 8993.67ms, mfu 22.78%
step 12750: train loss 3.8609, val loss 3.9155
saving checkpoint to out-owt-res-big
iter 12750: loss 3.9917, time 33902.62ms, mfu 21.11%
iter 12760: loss 3.9418, time 9013.11ms, mfu 21.29%
iter 12770: loss 4.0432, time 8993.44ms, mfu 21.45%
iter 12780: loss 3.9278, time 8997.82ms, mfu 21.60%
iter 12790: loss 3.9405, time 9003.79ms, mfu 21.73%
iter 12800: loss 4.0715, time 9002.45ms, mfu 21.85%
iter 12810: loss 3.9040, time 9011.95ms, mfu 21.95%
iter 12820: loss 3.9151, time 9010.32ms, mfu 22.05%
iter 12830: loss 3.9254, time 9012.85ms, mfu 22.13%
iter 12840: loss 3.9539, time 8996.37ms, mfu 22.21%
iter 12850: loss 3.8572, time 9014.35ms, mfu 22.28%
iter 12860: loss 4.0495, time 8982.62ms, mfu 22.35%
iter 12870: loss 3.9702, time 9008.78ms, mfu 22.40%
iter 12880: loss 3.9862, time 8997.82ms, mfu 22.46%
iter 12890: loss 3.9228, time 8995.65ms, mfu 22.50%
iter 12900: loss 3.9361, time 8976.90ms, mfu 22.55%
iter 12910: loss 4.0606, time 8982.35ms, mfu 22.59%
iter 12920: loss 3.8886, time 8973.37ms, mfu 22.63%
iter 12930: loss 4.0938, time 9002.01ms, mfu 22.66%
iter 12940: loss 4.0856, time 8979.71ms, mfu 22.69%
iter 12950: loss 3.9841, time 8957.21ms, mfu 22.73%
iter 12960: loss 3.9333, time 8974.95ms, mfu 22.75%
iter 12970: loss 3.8850, time 8999.44ms, mfu 22.77%
iter 12980: loss 4.0585, time 9011.29ms, mfu 22.78%
iter 12990: loss 3.8487, time 8997.41ms, mfu 22.80%
step 13000: train loss 3.8855, val loss 3.9286
saving checkpoint to out-owt-res-big
iter 13000: loss 3.9410, time 33931.30ms, mfu 21.12%
iter 13010: loss 3.9726, time 8983.25ms, mfu 21.31%
iter 13020: loss 3.8823, time 9012.73ms, mfu 21.47%
iter 13030: loss 3.9154, time 9004.77ms, mfu 21.61%
iter 13040: loss 3.9923, time 8999.56ms, mfu 21.74%
iter 13050: loss 4.0142, time 8998.71ms, mfu 21.86%
iter 13060: loss 3.8865, time 9001.33ms, mfu 21.97%
iter 13070: loss 3.9255, time 9019.00ms, mfu 22.06%
iter 13080: loss 3.9588, time 9001.63ms, mfu 22.14%
iter 13090: loss 4.0658, time 8997.53ms, mfu 22.22%
iter 13100: loss 3.9887, time 8985.75ms, mfu 22.29%
iter 13110: loss 3.9904, time 8984.16ms, mfu 22.36%
iter 13120: loss 4.0312, time 8989.36ms, mfu 22.42%
iter 13130: loss 3.9513, time 8971.78ms, mfu 22.48%
iter 13140: loss 3.9547, time 8994.81ms, mfu 22.52%
iter 13150: loss 4.0027, time 8985.93ms, mfu 22.57%
iter 13160: loss 4.0324, time 8985.45ms, mfu 22.61%
iter 13170: loss 3.8952, time 8989.73ms, mfu 22.64%
iter 13180: loss 3.9554, time 8996.51ms, mfu 22.67%
iter 13190: loss 4.0665, time 8986.15ms, mfu 22.70%
iter 13200: loss 3.9814, time 8987.20ms, mfu 22.72%
iter 13210: loss 4.0042, time 8997.00ms, mfu 22.74%
iter 13220: loss 3.9312, time 8989.55ms, mfu 22.76%
iter 13230: loss 4.0041, time 8978.45ms, mfu 22.79%
iter 13240: loss 4.0988, time 8996.15ms, mfu 22.80%
step 13250: train loss 3.9093, val loss 3.9243
saving checkpoint to out-owt-res-big
iter 13250: loss 3.9601, time 33954.77ms, mfu 21.13%
iter 13260: loss 4.0338, time 8974.81ms, mfu 21.31%
iter 13270: loss 4.0274, time 8983.46ms, mfu 21.48%
iter 13280: loss 3.9321, time 8988.98ms, mfu 21.63%
iter 13290: loss 4.0424, time 8997.30ms, mfu 21.76%
iter 13300: loss 4.0263, time 8997.88ms, mfu 21.87%
iter 13310: loss 3.9720, time 9000.04ms, mfu 21.98%
iter 13320: loss 3.9481, time 8988.66ms, mfu 22.07%
iter 13330: loss 3.9334, time 8998.88ms, mfu 22.16%
iter 13340: loss 3.9792, time 9015.07ms, mfu 22.23%
iter 13350: loss 3.9314, time 8979.77ms, mfu 22.31%
iter 13360: loss 3.9339, time 8984.83ms, mfu 22.37%
iter 13370: loss 3.9609, time 8984.46ms, mfu 22.43%
iter 13380: loss 4.0120, time 8999.13ms, mfu 22.48%
iter 13390: loss 3.9354, time 9001.72ms, mfu 22.52%
iter 13400: loss 3.9832, time 9001.02ms, mfu 22.56%
iter 13410: loss 3.9551, time 9003.30ms, mfu 22.60%
iter 13420: loss 3.9334, time 9001.65ms, mfu 22.63%
iter 13430: loss 3.9853, time 9005.62ms, mfu 22.66%
iter 13440: loss 4.0704, time 9002.97ms, mfu 22.68%
iter 13450: loss 3.9514, time 8985.95ms, mfu 22.71%
iter 13460: loss 3.8935, time 8998.15ms, mfu 22.73%
iter 13470: loss 4.0291, time 8998.18ms, mfu 22.75%
iter 13480: loss 4.0432, time 9012.95ms, mfu 22.77%
iter 13490: loss 3.9395, time 8997.31ms, mfu 22.78%
step 13500: train loss 3.9252, val loss 3.9029
saving checkpoint to out-owt-res-big
iter 13500: loss 4.0706, time 33878.26ms, mfu 21.11%
iter 13510: loss 3.9857, time 9001.09ms, mfu 21.29%
iter 13520: loss 3.9869, time 8984.76ms, mfu 21.46%
iter 13530: loss 3.8681, time 8993.41ms, mfu 21.61%
iter 13540: loss 3.9937, time 8984.33ms, mfu 21.74%
iter 13550: loss 3.9267, time 8969.40ms, mfu 21.87%
iter 13560: loss 3.9563, time 9001.92ms, mfu 21.97%
iter 13570: loss 3.9958, time 8991.16ms, mfu 22.07%
iter 13580: loss 4.0089, time 8999.07ms, mfu 22.16%
iter 13590: loss 4.0015, time 8995.17ms, mfu 22.23%
iter 13600: loss 3.9892, time 8973.05ms, mfu 22.31%
iter 13610: loss 4.0245, time 9014.42ms, mfu 22.37%
iter 13620: loss 3.9600, time 8990.99ms, mfu 22.42%
iter 13630: loss 4.0343, time 9001.25ms, mfu 22.47%
iter 13640: loss 3.9722, time 8973.87ms, mfu 22.53%
iter 13650: loss 3.9065, time 8972.93ms, mfu 22.57%
iter 13660: loss 4.0543, time 9001.80ms, mfu 22.61%
iter 13670: loss 4.0349, time 8983.80ms, mfu 22.64%
iter 13680: loss 3.9166, time 9001.31ms, mfu 22.67%
iter 13690: loss 4.0357, time 8982.30ms, mfu 22.70%
iter 13700: loss 3.9573, time 8993.38ms, mfu 22.72%
iter 13710: loss 3.9760, time 8980.11ms, mfu 22.75%
iter 13720: loss 4.0066, time 8982.52ms, mfu 22.77%
iter 13730: loss 3.9865, time 8980.34ms, mfu 22.79%
iter 13740: loss 4.0097, time 8998.53ms, mfu 22.80%
step 13750: train loss 3.9152, val loss 3.9159
saving checkpoint to out-owt-res-big
iter 13750: loss 4.0753, time 33902.44ms, mfu 21.13%
iter 13760: loss 4.0260, time 8987.46ms, mfu 21.31%
iter 13770: loss 4.0303, time 8986.30ms, mfu 21.48%
iter 13780: loss 4.0506, time 8980.89ms, mfu 21.63%
iter 13790: loss 3.9939, time 8991.67ms, mfu 21.76%
iter 13800: loss 4.0219, time 8983.89ms, mfu 21.88%
iter 13810: loss 3.9251, time 8996.68ms, mfu 21.98%
iter 13820: loss 3.9836, time 8982.88ms, mfu 22.08%
iter 13830: loss 3.9978, time 8999.44ms, mfu 22.17%
iter 13840: loss 3.9159, time 8994.94ms, mfu 22.24%
iter 13850: loss 3.9673, time 8995.47ms, mfu 22.31%
iter 13860: loss 3.9539, time 8978.76ms, mfu 22.38%
iter 13870: loss 3.9802, time 8997.39ms, mfu 22.43%
iter 13880: loss 3.9010, time 8982.93ms, mfu 22.49%
iter 13890: loss 3.9871, time 8998.41ms, mfu 22.53%
iter 13900: loss 3.9347, time 8982.86ms, mfu 22.57%
iter 13910: loss 3.9818, time 8993.10ms, mfu 22.61%
iter 13920: loss 4.0215, time 8983.51ms, mfu 22.65%
iter 13930: loss 3.8842, time 8966.49ms, mfu 22.68%
iter 13940: loss 4.0821, time 8974.72ms, mfu 22.71%
iter 13950: loss 4.0473, time 8991.32ms, mfu 22.74%
iter 13960: loss 3.8591, time 8992.27ms, mfu 22.76%
iter 13970: loss 4.0339, time 8982.20ms, mfu 22.78%
iter 13980: loss 3.9942, time 8984.30ms, mfu 22.80%
iter 13990: loss 3.9363, time 8996.21ms, mfu 22.81%
step 14000: train loss 3.9153, val loss 3.9094
saving checkpoint to out-owt-res-big
iter 14000: loss 3.9052, time 33890.69ms, mfu 21.14%
iter 14010: loss 3.9996, time 8981.71ms, mfu 21.32%
iter 14020: loss 3.9175, time 8986.04ms, mfu 21.48%
iter 14030: loss 3.9891, time 8967.01ms, mfu 21.64%
iter 14040: loss 3.9048, time 8981.99ms, mfu 21.77%
iter 14050: loss 3.9741, time 8995.57ms, mfu 21.89%
iter 14060: loss 4.0090, time 8986.50ms, mfu 21.99%
iter 14070: loss 4.0135, time 8977.41ms, mfu 22.09%
iter 14080: loss 3.7681, time 8996.55ms, mfu 22.17%
iter 14090: loss 4.0077, time 8991.76ms, mfu 22.25%
iter 14100: loss 3.9052, time 8976.21ms, mfu 22.32%
iter 14110: loss 3.9831, time 8984.03ms, mfu 22.39%
iter 14120: loss 4.0179, time 8989.24ms, mfu 22.44%
iter 14130: loss 3.9183, time 8988.62ms, mfu 22.50%
iter 14140: loss 3.9822, time 8978.27ms, mfu 22.54%
iter 14150: loss 4.0012, time 8988.16ms, mfu 22.58%
iter 14160: loss 3.9969, time 8992.35ms, mfu 22.62%
iter 14170: loss 4.1346, time 8965.36ms, mfu 22.66%
iter 14180: loss 3.9719, time 8978.36ms, mfu 22.69%
iter 14190: loss 3.9058, time 8992.01ms, mfu 22.72%
iter 14200: loss 3.9551, time 9001.95ms, mfu 22.74%
iter 14210: loss 4.0291, time 8998.23ms, mfu 22.75%
iter 14220: loss 3.9478, time 8989.02ms, mfu 22.77%
iter 14230: loss 4.0019, time 8998.18ms, mfu 22.79%
iter 14240: loss 3.9882, time 8977.52ms, mfu 22.81%
step 14250: train loss 3.9023, val loss 3.9002
saving checkpoint to out-owt-res-big
iter 14250: loss 4.0631, time 33890.64ms, mfu 21.14%
iter 14260: loss 3.9495, time 8984.84ms, mfu 21.32%
iter 14270: loss 3.9236, time 8979.89ms, mfu 21.48%
iter 14280: loss 4.0329, time 8984.16ms, mfu 21.63%
iter 14290: loss 4.0658, time 8995.87ms, mfu 21.76%
iter 14300: loss 3.9925, time 8977.10ms, mfu 21.88%
iter 14310: loss 3.9646, time 8975.65ms, mfu 21.99%
iter 14320: loss 3.9784, time 8975.04ms, mfu 22.09%
iter 14330: loss 4.0542, time 8997.23ms, mfu 22.18%
iter 14340: loss 3.9733, time 8951.93ms, mfu 22.26%
iter 14350: loss 3.9674, time 8980.60ms, mfu 22.33%
iter 14360: loss 3.8718, time 8981.02ms, mfu 22.40%
iter 14370: loss 4.0047, time 8979.88ms, mfu 22.45%
iter 14380: loss 3.9412, time 8979.80ms, mfu 22.51%
iter 14390: loss 3.9796, time 8975.71ms, mfu 22.55%
iter 14400: loss 3.9533, time 8985.73ms, mfu 22.59%
iter 14410: loss 3.9151, time 8992.57ms, mfu 22.63%
iter 14420: loss 3.9560, time 8993.42ms, mfu 22.66%
iter 14430: loss 4.0367, time 8973.24ms, mfu 22.69%
iter 14440: loss 4.0682, time 9002.89ms, mfu 22.72%
iter 14450: loss 4.0121, time 8978.46ms, mfu 22.74%
iter 14460: loss 3.9767, time 8980.62ms, mfu 22.76%
iter 14470: loss 3.8782, time 9002.30ms, mfu 22.78%
iter 14480: loss 3.9366, time 8983.62ms, mfu 22.80%
iter 14490: loss 3.9783, time 8979.90ms, mfu 22.82%
step 14500: train loss 3.9171, val loss 3.8924
saving checkpoint to out-owt-res-big
iter 14500: loss 3.9234, time 33864.05ms, mfu 21.14%
iter 14510: loss 3.9407, time 8959.10ms, mfu 21.33%
iter 14520: loss 4.0060, time 9003.34ms, mfu 21.49%
iter 14530: loss 3.9359, time 8952.96ms, mfu 21.64%
iter 14540: loss 3.9803, time 8979.28ms, mfu 21.78%
iter 14550: loss 3.9549, time 8968.29ms, mfu 21.90%
iter 14560: loss 3.9455, time 8960.48ms, mfu 22.01%
iter 14570: loss 3.9657, time 8988.44ms, mfu 22.11%
iter 14580: loss 3.9822, time 8969.10ms, mfu 22.20%
iter 14590: loss 3.9797, time 8968.80ms, mfu 22.28%
iter 14600: loss 4.0109, time 8978.60ms, mfu 22.35%
iter 14610: loss 3.9571, time 8959.40ms, mfu 22.41%
iter 14620: loss 3.9013, time 8965.79ms, mfu 22.47%
iter 14630: loss 3.9494, time 8975.79ms, mfu 22.52%
iter 14640: loss 3.9828, time 8978.25ms, mfu 22.57%
iter 14650: loss 4.0208, time 8968.61ms, mfu 22.61%
iter 14660: loss 3.8557, time 8968.59ms, mfu 22.65%
iter 14670: loss 4.0223, time 8948.59ms, mfu 22.69%
iter 14680: loss 3.7872, time 8983.75ms, mfu 22.72%
iter 14690: loss 3.9995, time 8937.08ms, mfu 22.76%
iter 14700: loss 4.0546, time 8951.14ms, mfu 22.78%
iter 14710: loss 3.9751, time 8977.67ms, mfu 22.80%
iter 14720: loss 3.9197, time 8969.26ms, mfu 22.82%
iter 14730: loss 3.9062, time 8989.02ms, mfu 22.84%
iter 14740: loss 3.8769, time 8963.63ms, mfu 22.85%
step 14750: train loss 3.9064, val loss 3.8946
saving checkpoint to out-owt-res-big
iter 14750: loss 4.0052, time 33845.43ms, mfu 21.18%
iter 14760: loss 3.9484, time 8993.73ms, mfu 21.35%
iter 14770: loss 4.0160, time 8980.76ms, mfu 21.52%
iter 14780: loss 3.9889, time 8969.51ms, mfu 21.66%
iter 14790: loss 3.8368, time 8970.60ms, mfu 21.80%
iter 14800: loss 3.9659, time 8976.00ms, mfu 21.92%
iter 14810: loss 4.0290, time 8979.15ms, mfu 22.02%
iter 14820: loss 4.0292, time 8964.96ms, mfu 22.12%
iter 14830: loss 4.0169, time 8990.59ms, mfu 22.20%
iter 14840: loss 3.9105, time 8963.01ms, mfu 22.28%
iter 14850: loss 3.9874, time 8982.97ms, mfu 22.35%
iter 14860: loss 4.0143, time 8980.04ms, mfu 22.41%
iter 14870: loss 3.9995, time 8962.63ms, mfu 22.47%
iter 14880: loss 4.0649, time 8982.37ms, mfu 22.52%
iter 14890: loss 3.9252, time 8968.86ms, mfu 22.57%
iter 14900: loss 4.0202, time 8972.30ms, mfu 22.61%
iter 14910: loss 3.9202, time 8996.53ms, mfu 22.65%
iter 14920: loss 3.8373, time 8970.86ms, mfu 22.68%
iter 14930: loss 4.0798, time 8974.29ms, mfu 22.71%
iter 14940: loss 4.0235, time 8959.83ms, mfu 22.74%
iter 14950: loss 3.8784, time 8973.66ms, mfu 22.77%
iter 14960: loss 3.9458, time 8939.96ms, mfu 22.80%
iter 14970: loss 3.9969, time 8963.21ms, mfu 22.82%
iter 14980: loss 4.0370, time 8963.58ms, mfu 22.84%
iter 14990: loss 3.9405, time 8969.19ms, mfu 22.86%
step 15000: train loss 3.9133, val loss 3.9100
saving checkpoint to out-owt-res-big
iter 15000: loss 3.9669, time 33871.76ms, mfu 21.18%
iter 15010: loss 3.9870, time 8977.14ms, mfu 21.36%
iter 15020: loss 3.9626, time 8947.44ms, mfu 21.53%
iter 15030: loss 4.0207, time 8964.35ms, mfu 21.68%
iter 15040: loss 3.9662, time 8969.74ms, mfu 21.81%
iter 15050: loss 3.9204, time 8964.84ms, mfu 21.93%
iter 15060: loss 3.8990, time 8916.45ms, mfu 22.05%
iter 15070: loss 3.9017, time 8939.51ms, mfu 22.15%
iter 15080: loss 3.8714, time 8973.06ms, mfu 22.24%
iter 15090: loss 3.9614, time 8973.86ms, mfu 22.31%
iter 15100: loss 3.9995, time 8957.33ms, mfu 22.38%
iter 15110: loss 3.9369, time 8962.65ms, mfu 22.45%
iter 15120: loss 3.9613, time 8961.27ms, mfu 22.50%
iter 15130: loss 3.9165, time 8969.84ms, mfu 22.55%
iter 15140: loss 3.9247, time 8956.75ms, mfu 22.60%
iter 15150: loss 3.9339, time 8975.66ms, mfu 22.64%
iter 15160: loss 3.9547, time 8985.31ms, mfu 22.67%
iter 15170: loss 3.9509, time 8984.01ms, mfu 22.70%
iter 15180: loss 4.0094, time 8978.97ms, mfu 22.73%
iter 15190: loss 3.9686, time 8978.89ms, mfu 22.75%
iter 15200: loss 3.9048, time 8984.39ms, mfu 22.77%
iter 15210: loss 3.9763, time 8978.87ms, mfu 22.79%
iter 15220: loss 3.9633, time 8972.00ms, mfu 22.81%
iter 15230: loss 3.9193, time 8968.37ms, mfu 22.83%
iter 15240: loss 3.9990, time 8963.14ms, mfu 22.85%
step 15250: train loss 3.8849, val loss 3.9026
saving checkpoint to out-owt-res-big
iter 15250: loss 3.9462, time 33853.25ms, mfu 21.18%
iter 15260: loss 3.9519, time 8976.67ms, mfu 21.36%
iter 15270: loss 3.8640, time 8963.42ms, mfu 21.52%
iter 15280: loss 3.9525, time 8982.32ms, mfu 21.67%
iter 15290: loss 3.8873, time 8941.38ms, mfu 21.81%
iter 15300: loss 3.8962, time 8981.58ms, mfu 21.92%
iter 15310: loss 4.0182, time 8961.69ms, mfu 22.03%
iter 15320: loss 3.8921, time 8967.23ms, mfu 22.13%
iter 15330: loss 4.1793, time 8966.59ms, mfu 22.22%
iter 15340: loss 4.0616, time 8957.55ms, mfu 22.30%
iter 15350: loss 3.8508, time 8948.43ms, mfu 22.37%
iter 15360: loss 4.0698, time 8982.94ms, mfu 22.43%
iter 15370: loss 3.9525, time 8957.03ms, mfu 22.49%
iter 15380: loss 3.8887, time 8967.58ms, mfu 22.54%
iter 15390: loss 4.0591, time 8980.62ms, mfu 22.59%
iter 15400: loss 3.8862, time 8955.45ms, mfu 22.63%
iter 15410: loss 3.9669, time 8974.65ms, mfu 22.67%
iter 15420: loss 3.9302, time 8973.29ms, mfu 22.70%
iter 15430: loss 3.9973, time 8971.13ms, mfu 22.73%
iter 15440: loss 3.9170, time 8966.54ms, mfu 22.76%
iter 15450: loss 3.9180, time 8962.83ms, mfu 22.78%
iter 15460: loss 3.9919, time 8965.37ms, mfu 22.81%
iter 15470: loss 4.0285, time 8963.33ms, mfu 22.83%
iter 15480: loss 3.9032, time 8948.47ms, mfu 22.85%
iter 15490: loss 3.9422, time 8974.20ms, mfu 22.86%
step 15500: train loss 3.8922, val loss 3.9009
saving checkpoint to out-owt-res-big
iter 15500: loss 4.0976, time 33826.77ms, mfu 21.19%
iter 15510: loss 3.9858, time 8973.01ms, mfu 21.37%
iter 15520: loss 3.9859, time 8941.97ms, mfu 21.54%
iter 15530: loss 3.9719, time 8968.70ms, mfu 21.68%
iter 15540: loss 4.0157, time 8973.10ms, mfu 21.81%
iter 15550: loss 3.9821, time 8967.61ms, mfu 21.93%
iter 15560: loss 3.9616, time 8959.68ms, mfu 22.04%
iter 15570: loss 4.0086, time 8954.22ms, mfu 22.14%
iter 15580: loss 4.0079, time 8959.14ms, mfu 22.23%
iter 15590: loss 3.9930, time 8955.21ms, mfu 22.31%
iter 15600: loss 3.9632, time 8972.78ms, mfu 22.38%
iter 15610: loss 4.0420, time 8976.68ms, mfu 22.44%
iter 15620: loss 3.8870, time 8960.79ms, mfu 22.50%
iter 15630: loss 4.0534, time 8951.97ms, mfu 22.55%
iter 15640: loss 4.0202, time 8976.18ms, mfu 22.60%
iter 15650: loss 3.9020, time 8963.44ms, mfu 22.64%
iter 15660: loss 3.9397, time 8996.08ms, mfu 22.67%
iter 15670: loss 3.9066, time 8974.43ms, mfu 22.70%
iter 15680: loss 4.1129, time 8981.96ms, mfu 22.73%
iter 15690: loss 3.8958, time 8964.77ms, mfu 22.75%
iter 15700: loss 3.9963, time 8976.35ms, mfu 22.78%
iter 15710: loss 3.9777, time 8963.16ms, mfu 22.80%
iter 15720: loss 3.9823, time 8950.99ms, mfu 22.83%
iter 15730: loss 4.0120, time 8962.91ms, mfu 22.84%
iter 15740: loss 4.0594, time 8970.69ms, mfu 22.86%
step 15750: train loss 3.8942, val loss 3.9161
saving checkpoint to out-owt-res-big
iter 15750: loss 3.9972, time 33877.01ms, mfu 21.18%
iter 15760: loss 4.0157, time 8949.71ms, mfu 21.37%
iter 15770: loss 3.9347, time 8956.30ms, mfu 21.54%
iter 15780: loss 3.8969, time 8951.05ms, mfu 21.69%
iter 15790: loss 4.0788, time 8977.64ms, mfu 21.82%
iter 15800: loss 3.9716, time 8978.17ms, mfu 21.93%
iter 15810: loss 3.8972, time 8958.51ms, mfu 22.04%
iter 15820: loss 4.0956, time 8976.50ms, mfu 22.14%
iter 15830: loss 3.9432, time 8968.59ms, mfu 22.22%
iter 15840: loss 3.9288, time 8975.25ms, mfu 22.30%
iter 15850: loss 4.0496, time 8955.08ms, mfu 22.37%
iter 15860: loss 3.9639, time 8975.87ms, mfu 22.43%
iter 15870: loss 3.9144, time 8942.08ms, mfu 22.50%
iter 15880: loss 3.9740, time 8968.12ms, mfu 22.55%
